TN:verilator_coverage
SF:../../rtl/ahb_interconnect.sv
DA:21,103918
BRDA:21,0,0,103918
BRDA:21,0,1,103917
DA:22,39
BRDA:22,0,0,39
BRDA:22,0,1,38
DA:25,309
BRDA:25,0,0,0
BRDA:25,0,1,0
BRDA:25,0,2,1
BRDA:25,0,3,1
BRDA:25,0,4,1
BRDA:25,0,5,1
BRDA:25,0,6,1
BRDA:25,0,7,1
BRDA:25,0,8,1
BRDA:25,0,9,1
BRDA:25,0,10,1
BRDA:25,0,11,1
BRDA:25,0,12,1
BRDA:25,0,13,1
BRDA:25,0,14,36
BRDA:25,0,15,36
BRDA:25,0,16,6
BRDA:25,0,17,6
BRDA:25,0,18,1
BRDA:25,0,19,1
BRDA:25,0,20,1
BRDA:25,0,21,1
BRDA:25,0,22,0
BRDA:25,0,23,0
BRDA:25,0,24,1
BRDA:25,0,25,1
BRDA:25,0,26,1
BRDA:25,0,27,1
BRDA:25,0,28,1
BRDA:25,0,29,1
BRDA:25,0,30,1
BRDA:25,0,31,1
BRDA:25,0,32,1
BRDA:25,0,33,1
BRDA:25,0,34,1
BRDA:25,0,35,1
BRDA:25,0,36,1
BRDA:25,0,37,1
BRDA:25,0,38,1
BRDA:25,0,39,1
BRDA:25,0,40,1
BRDA:25,0,41,1
BRDA:25,0,42,1
BRDA:25,0,43,1
BRDA:25,0,44,309
BRDA:25,0,45,309
BRDA:25,0,46,1
BRDA:25,0,47,1
BRDA:25,0,48,1
BRDA:25,0,49,1
BRDA:25,0,50,271
BRDA:25,0,51,270
BRDA:25,0,52,6
BRDA:25,0,53,6
BRDA:25,0,54,10
BRDA:25,0,55,10
BRDA:25,0,56,3
BRDA:25,0,57,2
BRDA:25,0,58,2
BRDA:25,0,59,2
BRDA:25,0,60,1
BRDA:25,0,61,1
BRDA:25,0,62,1
BRDA:25,0,63,1
DA:26,92
BRDA:26,0,0,0
BRDA:26,0,1,0
BRDA:26,0,2,92
BRDA:26,0,3,92
DA:27,41
BRDA:27,0,0,41
BRDA:27,0,1,41
DA:28,17
BRDA:28,0,0,17
BRDA:28,0,1,17
BRDA:28,0,2,1
BRDA:28,0,3,1
BRDA:28,0,4,0
BRDA:28,0,5,0
BRDA:28,0,6,2
BRDA:28,0,7,2
BRDA:28,0,8,1
BRDA:28,0,9,1
BRDA:28,0,10,1
BRDA:28,0,11,1
BRDA:28,0,12,1
BRDA:28,0,13,1
BRDA:28,0,14,2
BRDA:28,0,15,2
BRDA:28,0,16,1
BRDA:28,0,17,1
BRDA:28,0,18,1
BRDA:28,0,19,1
BRDA:28,0,20,0
BRDA:28,0,21,0
BRDA:28,0,22,10
BRDA:28,0,23,10
BRDA:28,0,24,2
BRDA:28,0,25,2
BRDA:28,0,26,1
BRDA:28,0,27,1
BRDA:28,0,28,1
BRDA:28,0,29,1
BRDA:28,0,30,1
BRDA:28,0,31,1
BRDA:28,0,32,2
BRDA:28,0,33,2
BRDA:28,0,34,1
BRDA:28,0,35,1
BRDA:28,0,36,1
BRDA:28,0,37,1
BRDA:28,0,38,0
BRDA:28,0,39,0
BRDA:28,0,40,2
BRDA:28,0,41,2
BRDA:28,0,42,1
BRDA:28,0,43,1
BRDA:28,0,44,7
BRDA:28,0,45,6
BRDA:28,0,46,1
BRDA:28,0,47,1
BRDA:28,0,48,1
BRDA:28,0,49,1
BRDA:28,0,50,2
BRDA:28,0,51,2
BRDA:28,0,52,4
BRDA:28,0,53,4
BRDA:28,0,54,4
BRDA:28,0,55,4
BRDA:28,0,56,3
BRDA:28,0,57,3
BRDA:28,0,58,4
BRDA:28,0,59,4
BRDA:28,0,60,2
BRDA:28,0,61,2
BRDA:28,0,62,1
BRDA:28,0,63,1
DA:31,18
BRDA:31,0,0,6
BRDA:31,0,1,5
BRDA:31,0,2,0
BRDA:31,0,3,0
BRDA:31,0,4,0
BRDA:31,0,5,0
BRDA:31,0,6,2
BRDA:31,0,7,1
BRDA:31,0,8,2
BRDA:31,0,9,1
BRDA:31,0,10,0
BRDA:31,0,11,0
BRDA:31,0,12,2
BRDA:31,0,13,1
BRDA:31,0,14,2
BRDA:31,0,15,1
BRDA:31,0,16,2
BRDA:31,0,17,1
BRDA:31,0,18,0
BRDA:31,0,19,0
BRDA:31,0,20,0
BRDA:31,0,21,0
BRDA:31,0,22,0
BRDA:31,0,23,0
BRDA:31,0,24,0
BRDA:31,0,25,0
BRDA:31,0,26,0
BRDA:31,0,27,0
BRDA:31,0,28,2
BRDA:31,0,29,1
BRDA:31,0,30,2
BRDA:31,0,31,1
BRDA:31,0,32,0
BRDA:31,0,33,0
BRDA:31,0,34,0
BRDA:31,0,35,0
BRDA:31,0,36,2
BRDA:31,0,37,1
BRDA:31,0,38,0
BRDA:31,0,39,0
BRDA:31,0,40,2
BRDA:31,0,41,1
BRDA:31,0,42,0
BRDA:31,0,43,0
BRDA:31,0,44,16
BRDA:31,0,45,16
BRDA:31,0,46,2
BRDA:31,0,47,1
BRDA:31,0,48,2
BRDA:31,0,49,1
BRDA:31,0,50,16
BRDA:31,0,51,16
BRDA:31,0,52,18
BRDA:31,0,53,18
BRDA:31,0,54,18
BRDA:31,0,55,17
BRDA:31,0,56,16
BRDA:31,0,57,16
BRDA:31,0,58,2
BRDA:31,0,59,1
BRDA:31,0,60,0
BRDA:31,0,61,0
BRDA:31,0,62,2
BRDA:31,0,63,1
DA:32,93
BRDA:32,0,0,93
BRDA:32,0,1,92
DA:33,0
BRDA:33,0,0,0
BRDA:33,0,1,0
DA:36,64
BRDA:36,0,0,18
BRDA:36,0,1,18
BRDA:36,0,2,64
BRDA:36,0,3,64
BRDA:36,0,4,4
BRDA:36,0,5,4
BRDA:36,0,6,6
BRDA:36,0,7,6
DA:37,309
BRDA:37,0,0,0
BRDA:37,0,1,0
BRDA:37,0,2,1
BRDA:37,0,3,1
BRDA:37,0,4,1
BRDA:37,0,5,1
BRDA:37,0,6,1
BRDA:37,0,7,1
BRDA:37,0,8,1
BRDA:37,0,9,1
BRDA:37,0,10,1
BRDA:37,0,11,1
BRDA:37,0,12,1
BRDA:37,0,13,1
BRDA:37,0,14,36
BRDA:37,0,15,36
BRDA:37,0,16,6
BRDA:37,0,17,6
BRDA:37,0,18,1
BRDA:37,0,19,1
BRDA:37,0,20,1
BRDA:37,0,21,1
BRDA:37,0,22,0
BRDA:37,0,23,0
BRDA:37,0,24,1
BRDA:37,0,25,1
BRDA:37,0,26,1
BRDA:37,0,27,1
BRDA:37,0,28,1
BRDA:37,0,29,1
BRDA:37,0,30,1
BRDA:37,0,31,1
BRDA:37,0,32,1
BRDA:37,0,33,1
BRDA:37,0,34,1
BRDA:37,0,35,1
BRDA:37,0,36,1
BRDA:37,0,37,1
BRDA:37,0,38,1
BRDA:37,0,39,1
BRDA:37,0,40,1
BRDA:37,0,41,1
BRDA:37,0,42,1
BRDA:37,0,43,1
BRDA:37,0,44,309
BRDA:37,0,45,309
BRDA:37,0,46,1
BRDA:37,0,47,1
BRDA:37,0,48,1
BRDA:37,0,49,1
BRDA:37,0,50,271
BRDA:37,0,51,270
BRDA:37,0,52,6
BRDA:37,0,53,6
BRDA:37,0,54,10
BRDA:37,0,55,10
BRDA:37,0,56,3
BRDA:37,0,57,2
BRDA:37,0,58,2
BRDA:37,0,59,2
BRDA:37,0,60,1
BRDA:37,0,61,1
BRDA:37,0,62,1
BRDA:37,0,63,1
DA:38,92
BRDA:38,0,0,0
BRDA:38,0,1,0
BRDA:38,0,2,92
BRDA:38,0,3,92
DA:39,41
BRDA:39,0,0,41
BRDA:39,0,1,41
DA:40,17
BRDA:40,0,0,17
BRDA:40,0,1,17
BRDA:40,0,2,1
BRDA:40,0,3,1
BRDA:40,0,4,0
BRDA:40,0,5,0
BRDA:40,0,6,2
BRDA:40,0,7,2
BRDA:40,0,8,1
BRDA:40,0,9,1
BRDA:40,0,10,1
BRDA:40,0,11,1
BRDA:40,0,12,1
BRDA:40,0,13,1
BRDA:40,0,14,2
BRDA:40,0,15,2
BRDA:40,0,16,1
BRDA:40,0,17,1
BRDA:40,0,18,1
BRDA:40,0,19,1
BRDA:40,0,20,0
BRDA:40,0,21,0
BRDA:40,0,22,10
BRDA:40,0,23,10
BRDA:40,0,24,2
BRDA:40,0,25,2
BRDA:40,0,26,1
BRDA:40,0,27,1
BRDA:40,0,28,1
BRDA:40,0,29,1
BRDA:40,0,30,1
BRDA:40,0,31,1
BRDA:40,0,32,2
BRDA:40,0,33,2
BRDA:40,0,34,1
BRDA:40,0,35,1
BRDA:40,0,36,1
BRDA:40,0,37,1
BRDA:40,0,38,0
BRDA:40,0,39,0
BRDA:40,0,40,2
BRDA:40,0,41,2
BRDA:40,0,42,1
BRDA:40,0,43,1
BRDA:40,0,44,7
BRDA:40,0,45,6
BRDA:40,0,46,1
BRDA:40,0,47,1
BRDA:40,0,48,1
BRDA:40,0,49,1
BRDA:40,0,50,2
BRDA:40,0,51,2
BRDA:40,0,52,4
BRDA:40,0,53,4
BRDA:40,0,54,4
BRDA:40,0,55,4
BRDA:40,0,56,3
BRDA:40,0,57,3
BRDA:40,0,58,4
BRDA:40,0,59,4
BRDA:40,0,60,2
BRDA:40,0,61,2
BRDA:40,0,62,1
BRDA:40,0,63,1
DA:42,19
BRDA:42,0,0,1
BRDA:42,0,1,0
BRDA:42,0,2,0
BRDA:42,0,3,0
BRDA:42,0,4,0
BRDA:42,0,5,0
BRDA:42,0,6,1
BRDA:42,0,7,0
BRDA:42,0,8,1
BRDA:42,0,9,0
BRDA:42,0,10,0
BRDA:42,0,11,0
BRDA:42,0,12,1
BRDA:42,0,13,0
BRDA:42,0,14,1
BRDA:42,0,15,0
BRDA:42,0,16,1
BRDA:42,0,17,0
BRDA:42,0,18,0
BRDA:42,0,19,0
BRDA:42,0,20,0
BRDA:42,0,21,0
BRDA:42,0,22,0
BRDA:42,0,23,0
BRDA:42,0,24,0
BRDA:42,0,25,0
BRDA:42,0,26,0
BRDA:42,0,27,0
BRDA:42,0,28,1
BRDA:42,0,29,0
BRDA:42,0,30,1
BRDA:42,0,31,0
BRDA:42,0,32,0
BRDA:42,0,33,0
BRDA:42,0,34,0
BRDA:42,0,35,0
BRDA:42,0,36,1
BRDA:42,0,37,0
BRDA:42,0,38,0
BRDA:42,0,39,0
BRDA:42,0,40,1
BRDA:42,0,41,0
BRDA:42,0,42,0
BRDA:42,0,43,0
BRDA:42,0,44,0
BRDA:42,0,45,0
BRDA:42,0,46,1
BRDA:42,0,47,0
BRDA:42,0,48,1
BRDA:42,0,49,0
BRDA:42,0,50,0
BRDA:42,0,51,0
BRDA:42,0,52,0
BRDA:42,0,53,0
BRDA:42,0,54,1
BRDA:42,0,55,0
BRDA:42,0,56,0
BRDA:42,0,57,0
BRDA:42,0,58,1
BRDA:42,0,59,0
BRDA:42,0,60,0
BRDA:42,0,61,0
BRDA:42,0,62,1
BRDA:42,0,63,0
BRDA:42,0,64,19
BRDA:42,0,65,18
BRDA:42,0,66,0
BRDA:42,0,67,0
DA:43,75
BRDA:43,0,0,4
BRDA:43,0,1,4
BRDA:43,0,2,0
BRDA:43,0,3,0
BRDA:43,0,4,0
BRDA:43,0,5,0
BRDA:43,0,6,0
BRDA:43,0,7,0
BRDA:43,0,8,0
BRDA:43,0,9,0
BRDA:43,0,10,0
BRDA:43,0,11,0
BRDA:43,0,12,0
BRDA:43,0,13,0
BRDA:43,0,14,0
BRDA:43,0,15,0
BRDA:43,0,16,0
BRDA:43,0,17,0
BRDA:43,0,18,0
BRDA:43,0,19,0
BRDA:43,0,20,0
BRDA:43,0,21,0
BRDA:43,0,22,0
BRDA:43,0,23,0
BRDA:43,0,24,0
BRDA:43,0,25,0
BRDA:43,0,26,0
BRDA:43,0,27,0
BRDA:43,0,28,0
BRDA:43,0,29,0
BRDA:43,0,30,0
BRDA:43,0,31,0
BRDA:43,0,32,0
BRDA:43,0,33,0
BRDA:43,0,34,0
BRDA:43,0,35,0
BRDA:43,0,36,0
BRDA:43,0,37,0
BRDA:43,0,38,0
BRDA:43,0,39,0
BRDA:43,0,40,0
BRDA:43,0,41,0
BRDA:43,0,42,0
BRDA:43,0,43,0
BRDA:43,0,44,16
BRDA:43,0,45,16
BRDA:43,0,46,0
BRDA:43,0,47,0
BRDA:43,0,48,0
BRDA:43,0,49,0
BRDA:43,0,50,16
BRDA:43,0,51,16
BRDA:43,0,52,18
BRDA:43,0,53,17
BRDA:43,0,54,16
BRDA:43,0,55,16
BRDA:43,0,56,16
BRDA:43,0,57,16
BRDA:43,0,58,0
BRDA:43,0,59,0
BRDA:43,0,60,0
BRDA:43,0,61,0
BRDA:43,0,62,0
BRDA:43,0,63,0
BRDA:43,0,64,75
BRDA:43,0,65,74
BRDA:43,0,66,0
BRDA:43,0,67,0
DA:44,75
BRDA:44,0,0,4
BRDA:44,0,1,4
BRDA:44,0,2,0
BRDA:44,0,3,0
BRDA:44,0,4,0
BRDA:44,0,5,0
BRDA:44,0,6,0
BRDA:44,0,7,0
BRDA:44,0,8,0
BRDA:44,0,9,0
BRDA:44,0,10,0
BRDA:44,0,11,0
BRDA:44,0,12,0
BRDA:44,0,13,0
BRDA:44,0,14,0
BRDA:44,0,15,0
BRDA:44,0,16,0
BRDA:44,0,17,0
BRDA:44,0,18,0
BRDA:44,0,19,0
BRDA:44,0,20,0
BRDA:44,0,21,0
BRDA:44,0,22,0
BRDA:44,0,23,0
BRDA:44,0,24,0
BRDA:44,0,25,0
BRDA:44,0,26,0
BRDA:44,0,27,0
BRDA:44,0,28,0
BRDA:44,0,29,0
BRDA:44,0,30,0
BRDA:44,0,31,0
BRDA:44,0,32,0
BRDA:44,0,33,0
BRDA:44,0,34,0
BRDA:44,0,35,0
BRDA:44,0,36,0
BRDA:44,0,37,0
BRDA:44,0,38,0
BRDA:44,0,39,0
BRDA:44,0,40,0
BRDA:44,0,41,0
BRDA:44,0,42,0
BRDA:44,0,43,0
BRDA:44,0,44,16
BRDA:44,0,45,16
BRDA:44,0,46,0
BRDA:44,0,47,0
BRDA:44,0,48,0
BRDA:44,0,49,0
BRDA:44,0,50,16
BRDA:44,0,51,16
BRDA:44,0,52,18
BRDA:44,0,53,17
BRDA:44,0,54,16
BRDA:44,0,55,16
BRDA:44,0,56,16
BRDA:44,0,57,16
BRDA:44,0,58,0
BRDA:44,0,59,0
BRDA:44,0,60,0
BRDA:44,0,61,0
BRDA:44,0,62,0
BRDA:44,0,63,0
BRDA:44,0,64,75
BRDA:44,0,65,74
BRDA:44,0,66,0
BRDA:44,0,67,0
DA:45,75
BRDA:45,0,0,4
BRDA:45,0,1,4
BRDA:45,0,2,0
BRDA:45,0,3,0
BRDA:45,0,4,0
BRDA:45,0,5,0
BRDA:45,0,6,0
BRDA:45,0,7,0
BRDA:45,0,8,0
BRDA:45,0,9,0
BRDA:45,0,10,0
BRDA:45,0,11,0
BRDA:45,0,12,0
BRDA:45,0,13,0
BRDA:45,0,14,0
BRDA:45,0,15,0
BRDA:45,0,16,0
BRDA:45,0,17,0
BRDA:45,0,18,0
BRDA:45,0,19,0
BRDA:45,0,20,0
BRDA:45,0,21,0
BRDA:45,0,22,0
BRDA:45,0,23,0
BRDA:45,0,24,0
BRDA:45,0,25,0
BRDA:45,0,26,0
BRDA:45,0,27,0
BRDA:45,0,28,0
BRDA:45,0,29,0
BRDA:45,0,30,0
BRDA:45,0,31,0
BRDA:45,0,32,0
BRDA:45,0,33,0
BRDA:45,0,34,0
BRDA:45,0,35,0
BRDA:45,0,36,0
BRDA:45,0,37,0
BRDA:45,0,38,0
BRDA:45,0,39,0
BRDA:45,0,40,0
BRDA:45,0,41,0
BRDA:45,0,42,0
BRDA:45,0,43,0
BRDA:45,0,44,16
BRDA:45,0,45,16
BRDA:45,0,46,0
BRDA:45,0,47,0
BRDA:45,0,48,0
BRDA:45,0,49,0
BRDA:45,0,50,16
BRDA:45,0,51,16
BRDA:45,0,52,18
BRDA:45,0,53,17
BRDA:45,0,54,16
BRDA:45,0,55,16
BRDA:45,0,56,16
BRDA:45,0,57,16
BRDA:45,0,58,0
BRDA:45,0,59,0
BRDA:45,0,60,0
BRDA:45,0,61,0
BRDA:45,0,62,0
BRDA:45,0,63,0
BRDA:45,0,64,75
BRDA:45,0,65,74
BRDA:45,0,66,0
BRDA:45,0,67,0
DA:53,92
BRDA:53,0,0,92
BRDA:53,0,1,92
DA:54,36
BRDA:54,0,0,36
BRDA:54,0,1,36
BRDA:54,0,2,6
BRDA:54,0,3,6
DA:59,117056
DA:60,117056
DA:61,116964
BRDA:61,0,0,116964
BRDA:61,0,1,92
DA:62,92
DA:66,37
BRDA:66,0,0,37
BRDA:66,0,1,37
BRDA:66,0,2,7
BRDA:66,0,3,7
DA:67,92
BRDA:67,0,0,92
BRDA:67,0,1,92
DA:69,103956
DA:70,103918
BRDA:70,0,0,103918
BRDA:70,0,1,38
BRDA:70,0,2,103918
BRDA:70,0,3,38
DA:71,38
DA:72,38
DA:73,103918
DA:74,103918
DA:75,103918
DA:79,117056
DA:80,117056
DA:81,111839
DA:82,192
DA:83,12
DA:84,5013
DA:85,0
BRF:638
BRH:104
end_of_record
SF:../../rtl/ahb_mem.sv
DA:2,103918
BRDA:2,0,0,103918
BRDA:2,0,1,103917
DA:3,39
BRDA:3,0,0,39
BRDA:3,0,1,38
DA:4,18
BRDA:4,0,0,18
BRDA:4,0,1,18
DA:5,309
BRDA:5,0,0,0
BRDA:5,0,1,0
BRDA:5,0,2,1
BRDA:5,0,3,1
BRDA:5,0,4,1
BRDA:5,0,5,1
BRDA:5,0,6,1
BRDA:5,0,7,1
BRDA:5,0,8,1
BRDA:5,0,9,1
BRDA:5,0,10,1
BRDA:5,0,11,1
BRDA:5,0,12,1
BRDA:5,0,13,1
BRDA:5,0,14,36
BRDA:5,0,15,36
BRDA:5,0,16,6
BRDA:5,0,17,6
BRDA:5,0,18,1
BRDA:5,0,19,1
BRDA:5,0,20,1
BRDA:5,0,21,1
BRDA:5,0,22,0
BRDA:5,0,23,0
BRDA:5,0,24,1
BRDA:5,0,25,1
BRDA:5,0,26,1
BRDA:5,0,27,1
BRDA:5,0,28,1
BRDA:5,0,29,1
BRDA:5,0,30,1
BRDA:5,0,31,1
BRDA:5,0,32,1
BRDA:5,0,33,1
BRDA:5,0,34,1
BRDA:5,0,35,1
BRDA:5,0,36,1
BRDA:5,0,37,1
BRDA:5,0,38,1
BRDA:5,0,39,1
BRDA:5,0,40,1
BRDA:5,0,41,1
BRDA:5,0,42,1
BRDA:5,0,43,1
BRDA:5,0,44,309
BRDA:5,0,45,309
BRDA:5,0,46,1
BRDA:5,0,47,1
BRDA:5,0,48,1
BRDA:5,0,49,1
BRDA:5,0,50,271
BRDA:5,0,51,270
BRDA:5,0,52,6
BRDA:5,0,53,6
BRDA:5,0,54,10
BRDA:5,0,55,10
BRDA:5,0,56,3
BRDA:5,0,57,2
BRDA:5,0,58,2
BRDA:5,0,59,2
BRDA:5,0,60,1
BRDA:5,0,61,1
BRDA:5,0,62,1
BRDA:5,0,63,1
DA:6,92
BRDA:6,0,0,0
BRDA:6,0,1,0
BRDA:6,0,2,92
BRDA:6,0,3,92
DA:7,41
BRDA:7,0,0,41
BRDA:7,0,1,41
DA:8,38
BRDA:8,0,0,38
BRDA:8,0,1,38
BRDA:8,0,2,38
BRDA:8,0,3,38
BRDA:8,0,4,38
BRDA:8,0,5,38
BRDA:8,0,6,38
BRDA:8,0,7,38
DA:9,17
BRDA:9,0,0,17
BRDA:9,0,1,17
BRDA:9,0,2,1
BRDA:9,0,3,1
BRDA:9,0,4,0
BRDA:9,0,5,0
BRDA:9,0,6,2
BRDA:9,0,7,2
BRDA:9,0,8,1
BRDA:9,0,9,1
BRDA:9,0,10,1
BRDA:9,0,11,1
BRDA:9,0,12,1
BRDA:9,0,13,1
BRDA:9,0,14,2
BRDA:9,0,15,2
BRDA:9,0,16,1
BRDA:9,0,17,1
BRDA:9,0,18,1
BRDA:9,0,19,1
BRDA:9,0,20,0
BRDA:9,0,21,0
BRDA:9,0,22,10
BRDA:9,0,23,10
BRDA:9,0,24,2
BRDA:9,0,25,2
BRDA:9,0,26,1
BRDA:9,0,27,1
BRDA:9,0,28,1
BRDA:9,0,29,1
BRDA:9,0,30,1
BRDA:9,0,31,1
BRDA:9,0,32,2
BRDA:9,0,33,2
BRDA:9,0,34,1
BRDA:9,0,35,1
BRDA:9,0,36,1
BRDA:9,0,37,1
BRDA:9,0,38,0
BRDA:9,0,39,0
BRDA:9,0,40,2
BRDA:9,0,41,2
BRDA:9,0,42,1
BRDA:9,0,43,1
BRDA:9,0,44,7
BRDA:9,0,45,6
BRDA:9,0,46,1
BRDA:9,0,47,1
BRDA:9,0,48,1
BRDA:9,0,49,1
BRDA:9,0,50,2
BRDA:9,0,51,2
BRDA:9,0,52,4
BRDA:9,0,53,4
BRDA:9,0,54,4
BRDA:9,0,55,4
BRDA:9,0,56,3
BRDA:9,0,57,3
BRDA:9,0,58,4
BRDA:9,0,59,4
BRDA:9,0,60,2
BRDA:9,0,61,2
BRDA:9,0,62,1
BRDA:9,0,63,1
DA:10,1
BRDA:10,0,0,1
BRDA:10,0,1,0
BRDA:10,0,2,0
BRDA:10,0,3,0
BRDA:10,0,4,0
BRDA:10,0,5,0
BRDA:10,0,6,1
BRDA:10,0,7,0
BRDA:10,0,8,1
BRDA:10,0,9,0
BRDA:10,0,10,0
BRDA:10,0,11,0
BRDA:10,0,12,1
BRDA:10,0,13,0
BRDA:10,0,14,1
BRDA:10,0,15,0
BRDA:10,0,16,1
BRDA:10,0,17,0
BRDA:10,0,18,0
BRDA:10,0,19,0
BRDA:10,0,20,0
BRDA:10,0,21,0
BRDA:10,0,22,0
BRDA:10,0,23,0
BRDA:10,0,24,0
BRDA:10,0,25,0
BRDA:10,0,26,0
BRDA:10,0,27,0
BRDA:10,0,28,1
BRDA:10,0,29,0
BRDA:10,0,30,1
BRDA:10,0,31,0
BRDA:10,0,32,0
BRDA:10,0,33,0
BRDA:10,0,34,0
BRDA:10,0,35,0
BRDA:10,0,36,1
BRDA:10,0,37,0
BRDA:10,0,38,0
BRDA:10,0,39,0
BRDA:10,0,40,1
BRDA:10,0,41,0
BRDA:10,0,42,0
BRDA:10,0,43,0
BRDA:10,0,44,0
BRDA:10,0,45,0
BRDA:10,0,46,1
BRDA:10,0,47,0
BRDA:10,0,48,1
BRDA:10,0,49,0
BRDA:10,0,50,0
BRDA:10,0,51,0
BRDA:10,0,52,0
BRDA:10,0,53,0
BRDA:10,0,54,1
BRDA:10,0,55,0
BRDA:10,0,56,0
BRDA:10,0,57,0
BRDA:10,0,58,1
BRDA:10,0,59,0
BRDA:10,0,60,0
BRDA:10,0,61,0
BRDA:10,0,62,1
BRDA:10,0,63,0
DA:11,19
BRDA:11,0,0,19
BRDA:11,0,1,18
DA:12,0
BRDA:12,0,0,0
BRDA:12,0,1,0
DA:16,18
BRDA:16,0,0,18
BRDA:16,0,1,18
DA:19,18
BRDA:19,0,0,18
BRDA:19,0,1,18
BRDA:19,0,2,18
BRDA:19,0,3,18
BRDA:19,0,4,1
BRDA:19,0,5,1
BRDA:19,0,6,18
BRDA:19,0,7,18
DA:20,1
BRDA:20,0,0,1
BRDA:20,0,1,1
BRDA:20,0,2,1
BRDA:20,0,3,1
BRDA:20,0,4,1
BRDA:20,0,5,1
BRDA:20,0,6,1
BRDA:20,0,7,1
DA:21,17
BRDA:21,0,0,0
BRDA:21,0,1,0
BRDA:21,0,2,0
BRDA:21,0,3,0
BRDA:21,0,4,0
BRDA:21,0,5,0
BRDA:21,0,6,0
BRDA:21,0,7,0
BRDA:21,0,8,0
BRDA:21,0,9,0
BRDA:21,0,10,0
BRDA:21,0,11,0
BRDA:21,0,12,0
BRDA:21,0,13,0
BRDA:21,0,14,0
BRDA:21,0,15,0
BRDA:21,0,16,0
BRDA:21,0,17,0
BRDA:21,0,18,0
BRDA:21,0,19,0
BRDA:21,0,20,0
BRDA:21,0,21,0
BRDA:21,0,22,0
BRDA:21,0,23,0
BRDA:21,0,24,0
BRDA:21,0,25,0
BRDA:21,0,26,0
BRDA:21,0,27,0
BRDA:21,0,28,0
BRDA:21,0,29,0
BRDA:21,0,30,0
BRDA:21,0,31,0
BRDA:21,0,32,0
BRDA:21,0,33,0
BRDA:21,0,34,0
BRDA:21,0,35,0
BRDA:21,0,36,0
BRDA:21,0,37,0
BRDA:21,0,38,0
BRDA:21,0,39,0
BRDA:21,0,40,0
BRDA:21,0,41,0
BRDA:21,0,42,0
BRDA:21,0,43,0
BRDA:21,0,44,1
BRDA:21,0,45,1
BRDA:21,0,46,0
BRDA:21,0,47,0
BRDA:21,0,48,0
BRDA:21,0,49,0
BRDA:21,0,50,0
BRDA:21,0,51,0
BRDA:21,0,52,1
BRDA:21,0,53,0
BRDA:21,0,54,1
BRDA:21,0,55,1
BRDA:21,0,56,0
BRDA:21,0,57,0
BRDA:21,0,58,1
BRDA:21,0,59,1
BRDA:21,0,60,0
BRDA:21,0,61,0
BRDA:21,0,62,0
BRDA:21,0,63,0
BRDA:21,0,64,17
BRDA:21,0,65,17
BRDA:21,0,66,1
BRDA:21,0,67,1
BRDA:21,0,68,0
BRDA:21,0,69,0
BRDA:21,0,70,2
BRDA:21,0,71,2
BRDA:21,0,72,1
BRDA:21,0,73,1
BRDA:21,0,74,1
BRDA:21,0,75,1
BRDA:21,0,76,1
BRDA:21,0,77,1
BRDA:21,0,78,2
BRDA:21,0,79,2
BRDA:21,0,80,1
BRDA:21,0,81,1
BRDA:21,0,82,1
BRDA:21,0,83,1
BRDA:21,0,84,0
BRDA:21,0,85,0
BRDA:21,0,86,10
BRDA:21,0,87,10
BRDA:21,0,88,2
BRDA:21,0,89,2
BRDA:21,0,90,1
BRDA:21,0,91,1
BRDA:21,0,92,1
BRDA:21,0,93,1
BRDA:21,0,94,1
BRDA:21,0,95,1
BRDA:21,0,96,2
BRDA:21,0,97,2
BRDA:21,0,98,1
BRDA:21,0,99,1
BRDA:21,0,100,1
BRDA:21,0,101,1
BRDA:21,0,102,0
BRDA:21,0,103,0
BRDA:21,0,104,2
BRDA:21,0,105,2
BRDA:21,0,106,1
BRDA:21,0,107,1
BRDA:21,0,108,7
BRDA:21,0,109,6
BRDA:21,0,110,1
BRDA:21,0,111,1
BRDA:21,0,112,1
BRDA:21,0,113,1
BRDA:21,0,114,2
BRDA:21,0,115,2
BRDA:21,0,116,4
BRDA:21,0,117,4
BRDA:21,0,118,4
BRDA:21,0,119,4
BRDA:21,0,120,3
BRDA:21,0,121,3
BRDA:21,0,122,4
BRDA:21,0,123,4
BRDA:21,0,124,2
BRDA:21,0,125,2
BRDA:21,0,126,1
BRDA:21,0,127,1
BRDA:21,0,128,1
BRDA:21,0,129,0
BRDA:21,0,130,0
BRDA:21,0,131,0
BRDA:21,0,132,0
BRDA:21,0,133,0
BRDA:21,0,134,1
BRDA:21,0,135,0
BRDA:21,0,136,1
BRDA:21,0,137,0
BRDA:21,0,138,0
BRDA:21,0,139,0
BRDA:21,0,140,1
BRDA:21,0,141,0
BRDA:21,0,142,1
BRDA:21,0,143,0
BRDA:21,0,144,1
BRDA:21,0,145,0
BRDA:21,0,146,0
BRDA:21,0,147,0
BRDA:21,0,148,0
BRDA:21,0,149,0
BRDA:21,0,150,0
BRDA:21,0,151,0
BRDA:21,0,152,0
BRDA:21,0,153,0
BRDA:21,0,154,0
BRDA:21,0,155,0
BRDA:21,0,156,1
BRDA:21,0,157,0
BRDA:21,0,158,1
BRDA:21,0,159,0
BRDA:21,0,160,0
BRDA:21,0,161,0
BRDA:21,0,162,0
BRDA:21,0,163,0
BRDA:21,0,164,1
BRDA:21,0,165,0
BRDA:21,0,166,0
BRDA:21,0,167,0
BRDA:21,0,168,1
BRDA:21,0,169,0
BRDA:21,0,170,0
BRDA:21,0,171,0
BRDA:21,0,172,0
BRDA:21,0,173,0
BRDA:21,0,174,1
BRDA:21,0,175,0
BRDA:21,0,176,1
BRDA:21,0,177,0
BRDA:21,0,178,0
BRDA:21,0,179,0
BRDA:21,0,180,0
BRDA:21,0,181,0
BRDA:21,0,182,1
BRDA:21,0,183,0
BRDA:21,0,184,0
BRDA:21,0,185,0
BRDA:21,0,186,1
BRDA:21,0,187,0
BRDA:21,0,188,0
BRDA:21,0,189,0
BRDA:21,0,190,1
BRDA:21,0,191,0
DA:32,18
BRDA:32,0,0,18
BRDA:32,0,1,18
BRDA:32,0,2,18
BRDA:32,0,3,18
DA:34,1
BRDA:34,0,0,1
BRDA:34,0,1,1
DA:35,1
BRDA:35,0,0,1
BRDA:35,0,1,1
BRDA:35,0,2,1
BRDA:35,0,3,1
BRDA:35,0,4,1
BRDA:35,0,5,1
BRDA:35,0,6,1
BRDA:35,0,7,1
DA:36,3
BRDA:36,0,0,0
BRDA:36,0,1,0
BRDA:36,0,2,0
BRDA:36,0,3,0
BRDA:36,0,4,0
BRDA:36,0,5,0
BRDA:36,0,6,0
BRDA:36,0,7,0
BRDA:36,0,8,0
BRDA:36,0,9,0
BRDA:36,0,10,0
BRDA:36,0,11,0
BRDA:36,0,12,0
BRDA:36,0,13,0
BRDA:36,0,14,0
BRDA:36,0,15,0
BRDA:36,0,16,0
BRDA:36,0,17,0
BRDA:36,0,18,0
BRDA:36,0,19,0
BRDA:36,0,20,0
BRDA:36,0,21,0
BRDA:36,0,22,0
BRDA:36,0,23,0
BRDA:36,0,24,0
BRDA:36,0,25,0
BRDA:36,0,26,0
BRDA:36,0,27,0
BRDA:36,0,28,0
BRDA:36,0,29,0
BRDA:36,0,30,0
BRDA:36,0,31,0
BRDA:36,0,32,0
BRDA:36,0,33,0
BRDA:36,0,34,0
BRDA:36,0,35,0
BRDA:36,0,36,0
BRDA:36,0,37,0
BRDA:36,0,38,0
BRDA:36,0,39,0
BRDA:36,0,40,0
BRDA:36,0,41,0
BRDA:36,0,42,0
BRDA:36,0,43,0
BRDA:36,0,44,1
BRDA:36,0,45,1
BRDA:36,0,46,0
BRDA:36,0,47,0
BRDA:36,0,48,0
BRDA:36,0,49,0
BRDA:36,0,50,0
BRDA:36,0,51,0
BRDA:36,0,52,1
BRDA:36,0,53,0
BRDA:36,0,54,1
BRDA:36,0,55,1
BRDA:36,0,56,0
BRDA:36,0,57,0
BRDA:36,0,58,1
BRDA:36,0,59,1
BRDA:36,0,60,0
BRDA:36,0,61,0
BRDA:36,0,62,0
BRDA:36,0,63,0
BRDA:36,0,64,3
BRDA:36,0,65,3
BRDA:36,0,66,1
BRDA:36,0,67,0
BRDA:36,0,68,0
BRDA:36,0,69,0
BRDA:36,0,70,2
BRDA:36,0,71,1
BRDA:36,0,72,1
BRDA:36,0,73,1
BRDA:36,0,74,1
BRDA:36,0,75,0
BRDA:36,0,76,1
BRDA:36,0,77,0
BRDA:36,0,78,2
BRDA:36,0,79,2
BRDA:36,0,80,1
BRDA:36,0,81,1
BRDA:36,0,82,1
BRDA:36,0,83,0
BRDA:36,0,84,0
BRDA:36,0,85,0
BRDA:36,0,86,2
BRDA:36,0,87,2
BRDA:36,0,88,2
BRDA:36,0,89,1
BRDA:36,0,90,1
BRDA:36,0,91,1
BRDA:36,0,92,1
BRDA:36,0,93,0
BRDA:36,0,94,1
BRDA:36,0,95,0
BRDA:36,0,96,2
BRDA:36,0,97,2
BRDA:36,0,98,1
BRDA:36,0,99,1
BRDA:36,0,100,1
BRDA:36,0,101,0
BRDA:36,0,102,0
BRDA:36,0,103,0
BRDA:36,0,104,2
BRDA:36,0,105,1
BRDA:36,0,106,1
BRDA:36,0,107,1
BRDA:36,0,108,2
BRDA:36,0,109,1
BRDA:36,0,110,1
BRDA:36,0,111,0
BRDA:36,0,112,1
BRDA:36,0,113,0
BRDA:36,0,114,1
BRDA:36,0,115,1
BRDA:36,0,116,3
BRDA:36,0,117,2
BRDA:36,0,118,1
BRDA:36,0,119,1
BRDA:36,0,120,1
BRDA:36,0,121,0
BRDA:36,0,122,1
BRDA:36,0,123,0
BRDA:36,0,124,2
BRDA:36,0,125,2
BRDA:36,0,126,1
BRDA:36,0,127,1
DA:37,18
BRDA:37,0,0,18
BRDA:37,0,1,18
DA:39,103956
DA:40,103918
BRDA:40,0,0,103918
BRDA:40,0,1,38
BRDA:40,0,2,103918
BRDA:40,0,3,38
DA:41,38
DA:42,103918
DA:43,103918
DA:44,103772
DA:45,103772
DA:46,103754
BRDA:46,0,0,18
BRDA:46,0,1,103754
DA:47,18
DA:48,18
DA:49,18
DA:50,18
DA:53,128
DA:55,103772
BRDA:55,0,0,18
BRDA:55,0,1,110
BRDA:55,0,2,103772
BRDA:55,0,3,146
DA:56,103900
BRDA:56,0,0,18
BRDA:56,0,1,110
BRDA:56,0,2,18
BRDA:56,0,3,146
BRDA:56,0,4,103900
DA:57,110
BRDA:57,0,0,18
BRDA:57,0,1,110
DA:59,18
DA:60,0
DA:69,103811
BRDA:69,0,0,146
BRDA:69,0,1,103811
BRF:589
BRH:69
end_of_record
SF:../../rtl/ahb_to_apb.sv
DA:15,103918
BRDA:15,0,0,103918
BRDA:15,0,1,103917
DA:16,39
BRDA:16,0,0,39
BRDA:16,0,1,38
DA:18,74
BRDA:18,0,0,74
BRDA:18,0,1,74
DA:19,309
BRDA:19,0,0,0
BRDA:19,0,1,0
BRDA:19,0,2,1
BRDA:19,0,3,1
BRDA:19,0,4,1
BRDA:19,0,5,1
BRDA:19,0,6,1
BRDA:19,0,7,1
BRDA:19,0,8,1
BRDA:19,0,9,1
BRDA:19,0,10,1
BRDA:19,0,11,1
BRDA:19,0,12,1
BRDA:19,0,13,1
BRDA:19,0,14,36
BRDA:19,0,15,36
BRDA:19,0,16,6
BRDA:19,0,17,6
BRDA:19,0,18,1
BRDA:19,0,19,1
BRDA:19,0,20,1
BRDA:19,0,21,1
BRDA:19,0,22,0
BRDA:19,0,23,0
BRDA:19,0,24,1
BRDA:19,0,25,1
BRDA:19,0,26,1
BRDA:19,0,27,1
BRDA:19,0,28,1
BRDA:19,0,29,1
BRDA:19,0,30,1
BRDA:19,0,31,1
BRDA:19,0,32,1
BRDA:19,0,33,1
BRDA:19,0,34,1
BRDA:19,0,35,1
BRDA:19,0,36,1
BRDA:19,0,37,1
BRDA:19,0,38,1
BRDA:19,0,39,1
BRDA:19,0,40,1
BRDA:19,0,41,1
BRDA:19,0,42,1
BRDA:19,0,43,1
BRDA:19,0,44,309
BRDA:19,0,45,309
BRDA:19,0,46,1
BRDA:19,0,47,1
BRDA:19,0,48,1
BRDA:19,0,49,1
BRDA:19,0,50,271
BRDA:19,0,51,270
BRDA:19,0,52,6
BRDA:19,0,53,6
BRDA:19,0,54,10
BRDA:19,0,55,10
BRDA:19,0,56,3
BRDA:19,0,57,2
BRDA:19,0,58,2
BRDA:19,0,59,2
BRDA:19,0,60,1
BRDA:19,0,61,1
BRDA:19,0,62,1
BRDA:19,0,63,1
DA:20,92
BRDA:20,0,0,0
BRDA:20,0,1,0
BRDA:20,0,2,92
BRDA:20,0,3,92
DA:21,41
BRDA:21,0,0,41
BRDA:21,0,1,41
DA:22,17
BRDA:22,0,0,17
BRDA:22,0,1,17
BRDA:22,0,2,1
BRDA:22,0,3,1
BRDA:22,0,4,0
BRDA:22,0,5,0
BRDA:22,0,6,2
BRDA:22,0,7,2
BRDA:22,0,8,1
BRDA:22,0,9,1
BRDA:22,0,10,1
BRDA:22,0,11,1
BRDA:22,0,12,1
BRDA:22,0,13,1
BRDA:22,0,14,2
BRDA:22,0,15,2
BRDA:22,0,16,1
BRDA:22,0,17,1
BRDA:22,0,18,1
BRDA:22,0,19,1
BRDA:22,0,20,0
BRDA:22,0,21,0
BRDA:22,0,22,10
BRDA:22,0,23,10
BRDA:22,0,24,2
BRDA:22,0,25,2
BRDA:22,0,26,1
BRDA:22,0,27,1
BRDA:22,0,28,1
BRDA:22,0,29,1
BRDA:22,0,30,1
BRDA:22,0,31,1
BRDA:22,0,32,2
BRDA:22,0,33,2
BRDA:22,0,34,1
BRDA:22,0,35,1
BRDA:22,0,36,1
BRDA:22,0,37,1
BRDA:22,0,38,0
BRDA:22,0,39,0
BRDA:22,0,40,2
BRDA:22,0,41,2
BRDA:22,0,42,1
BRDA:22,0,43,1
BRDA:22,0,44,7
BRDA:22,0,45,6
BRDA:22,0,46,1
BRDA:22,0,47,1
BRDA:22,0,48,1
BRDA:22,0,49,1
BRDA:22,0,50,2
BRDA:22,0,51,2
BRDA:22,0,52,4
BRDA:22,0,53,4
BRDA:22,0,54,4
BRDA:22,0,55,4
BRDA:22,0,56,3
BRDA:22,0,57,3
BRDA:22,0,58,4
BRDA:22,0,59,4
BRDA:22,0,60,2
BRDA:22,0,61,2
BRDA:22,0,62,1
BRDA:22,0,63,1
DA:23,18
BRDA:23,0,0,4
BRDA:23,0,1,4
BRDA:23,0,2,0
BRDA:23,0,3,0
BRDA:23,0,4,0
BRDA:23,0,5,0
BRDA:23,0,6,0
BRDA:23,0,7,0
BRDA:23,0,8,0
BRDA:23,0,9,0
BRDA:23,0,10,0
BRDA:23,0,11,0
BRDA:23,0,12,0
BRDA:23,0,13,0
BRDA:23,0,14,0
BRDA:23,0,15,0
BRDA:23,0,16,0
BRDA:23,0,17,0
BRDA:23,0,18,0
BRDA:23,0,19,0
BRDA:23,0,20,0
BRDA:23,0,21,0
BRDA:23,0,22,0
BRDA:23,0,23,0
BRDA:23,0,24,0
BRDA:23,0,25,0
BRDA:23,0,26,0
BRDA:23,0,27,0
BRDA:23,0,28,0
BRDA:23,0,29,0
BRDA:23,0,30,0
BRDA:23,0,31,0
BRDA:23,0,32,0
BRDA:23,0,33,0
BRDA:23,0,34,0
BRDA:23,0,35,0
BRDA:23,0,36,0
BRDA:23,0,37,0
BRDA:23,0,38,0
BRDA:23,0,39,0
BRDA:23,0,40,0
BRDA:23,0,41,0
BRDA:23,0,42,0
BRDA:23,0,43,0
BRDA:23,0,44,16
BRDA:23,0,45,16
BRDA:23,0,46,0
BRDA:23,0,47,0
BRDA:23,0,48,0
BRDA:23,0,49,0
BRDA:23,0,50,16
BRDA:23,0,51,16
BRDA:23,0,52,18
BRDA:23,0,53,17
BRDA:23,0,54,16
BRDA:23,0,55,16
BRDA:23,0,56,16
BRDA:23,0,57,16
BRDA:23,0,58,0
BRDA:23,0,59,0
BRDA:23,0,60,0
BRDA:23,0,61,0
BRDA:23,0,62,0
BRDA:23,0,63,0
DA:24,75
BRDA:24,0,0,75
BRDA:24,0,1,74
DA:25,0
BRDA:25,0,0,0
BRDA:25,0,1,0
DA:27,74
BRDA:27,0,0,74
BRDA:27,0,1,74
DA:28,74
BRDA:28,0,0,74
BRDA:28,0,1,74
DA:29,35
BRDA:29,0,0,35
BRDA:29,0,1,34
DA:30,35
BRDA:30,0,0,0
BRDA:30,0,1,0
BRDA:30,0,2,0
BRDA:30,0,3,0
BRDA:30,0,4,0
BRDA:30,0,5,0
BRDA:30,0,6,0
BRDA:30,0,7,0
BRDA:30,0,8,0
BRDA:30,0,9,0
BRDA:30,0,10,0
BRDA:30,0,11,0
BRDA:30,0,12,0
BRDA:30,0,13,0
BRDA:30,0,14,35
BRDA:30,0,15,34
BRDA:30,0,16,4
BRDA:30,0,17,4
BRDA:30,0,18,0
BRDA:30,0,19,0
BRDA:30,0,20,0
BRDA:30,0,21,0
BRDA:30,0,22,0
BRDA:30,0,23,0
BRDA:30,0,24,0
BRDA:30,0,25,0
BRDA:30,0,26,0
BRDA:30,0,27,0
BRDA:30,0,28,0
BRDA:30,0,29,0
BRDA:30,0,30,0
BRDA:30,0,31,0
BRDA:30,0,32,0
BRDA:30,0,33,0
BRDA:30,0,34,0
BRDA:30,0,35,0
BRDA:30,0,36,0
BRDA:30,0,37,0
BRDA:30,0,38,0
BRDA:30,0,39,0
BRDA:30,0,40,0
BRDA:30,0,41,0
BRDA:30,0,42,0
BRDA:30,0,43,0
BRDA:30,0,44,1
BRDA:30,0,45,1
BRDA:30,0,46,0
BRDA:30,0,47,0
BRDA:30,0,48,0
BRDA:30,0,49,0
BRDA:30,0,50,0
BRDA:30,0,51,0
BRDA:30,0,52,0
BRDA:30,0,53,0
BRDA:30,0,54,0
BRDA:30,0,55,0
BRDA:30,0,56,0
BRDA:30,0,57,0
BRDA:30,0,58,0
BRDA:30,0,59,0
BRDA:30,0,60,0
BRDA:30,0,61,0
BRDA:30,0,62,0
BRDA:30,0,63,0
DA:31,21
BRDA:31,0,0,19
BRDA:31,0,1,19
BRDA:31,0,2,0
BRDA:31,0,3,0
BRDA:31,0,4,0
BRDA:31,0,5,0
BRDA:31,0,6,0
BRDA:31,0,7,0
BRDA:31,0,8,0
BRDA:31,0,9,0
BRDA:31,0,10,0
BRDA:31,0,11,0
BRDA:31,0,12,0
BRDA:31,0,13,0
BRDA:31,0,14,0
BRDA:31,0,15,0
BRDA:31,0,16,0
BRDA:31,0,17,0
BRDA:31,0,18,0
BRDA:31,0,19,0
BRDA:31,0,20,0
BRDA:31,0,21,0
BRDA:31,0,22,17
BRDA:31,0,23,17
BRDA:31,0,24,0
BRDA:31,0,25,0
BRDA:31,0,26,0
BRDA:31,0,27,0
BRDA:31,0,28,0
BRDA:31,0,29,0
BRDA:31,0,30,0
BRDA:31,0,31,0
BRDA:31,0,32,0
BRDA:31,0,33,0
BRDA:31,0,34,0
BRDA:31,0,35,0
BRDA:31,0,36,0
BRDA:31,0,37,0
BRDA:31,0,38,0
BRDA:31,0,39,0
BRDA:31,0,40,0
BRDA:31,0,41,0
BRDA:31,0,42,0
BRDA:31,0,43,0
BRDA:31,0,44,21
BRDA:31,0,45,20
BRDA:31,0,46,0
BRDA:31,0,47,0
BRDA:31,0,48,0
BRDA:31,0,49,0
BRDA:31,0,50,16
BRDA:31,0,51,16
BRDA:31,0,52,18
BRDA:31,0,53,18
BRDA:31,0,54,3
BRDA:31,0,55,3
BRDA:31,0,56,2
BRDA:31,0,57,2
BRDA:31,0,58,3
BRDA:31,0,59,3
BRDA:31,0,60,0
BRDA:31,0,61,0
BRDA:31,0,62,0
BRDA:31,0,63,0
DA:32,18
BRDA:32,0,0,4
BRDA:32,0,1,4
BRDA:32,0,2,0
BRDA:32,0,3,0
BRDA:32,0,4,0
BRDA:32,0,5,0
BRDA:32,0,6,0
BRDA:32,0,7,0
BRDA:32,0,8,0
BRDA:32,0,9,0
BRDA:32,0,10,0
BRDA:32,0,11,0
BRDA:32,0,12,0
BRDA:32,0,13,0
BRDA:32,0,14,0
BRDA:32,0,15,0
BRDA:32,0,16,0
BRDA:32,0,17,0
BRDA:32,0,18,0
BRDA:32,0,19,0
BRDA:32,0,20,0
BRDA:32,0,21,0
BRDA:32,0,22,0
BRDA:32,0,23,0
BRDA:32,0,24,0
BRDA:32,0,25,0
BRDA:32,0,26,0
BRDA:32,0,27,0
BRDA:32,0,28,0
BRDA:32,0,29,0
BRDA:32,0,30,0
BRDA:32,0,31,0
BRDA:32,0,32,0
BRDA:32,0,33,0
BRDA:32,0,34,0
BRDA:32,0,35,0
BRDA:32,0,36,0
BRDA:32,0,37,0
BRDA:32,0,38,0
BRDA:32,0,39,0
BRDA:32,0,40,0
BRDA:32,0,41,0
BRDA:32,0,42,0
BRDA:32,0,43,0
BRDA:32,0,44,16
BRDA:32,0,45,16
BRDA:32,0,46,0
BRDA:32,0,47,0
BRDA:32,0,48,0
BRDA:32,0,49,0
BRDA:32,0,50,16
BRDA:32,0,51,16
BRDA:32,0,52,18
BRDA:32,0,53,17
BRDA:32,0,54,16
BRDA:32,0,55,16
BRDA:32,0,56,16
BRDA:32,0,57,16
BRDA:32,0,58,0
BRDA:32,0,59,0
BRDA:32,0,60,0
BRDA:32,0,61,0
BRDA:32,0,62,0
BRDA:32,0,63,0
DA:33,1
BRDA:33,0,0,1
BRDA:33,0,1,0
DA:39,74
BRDA:39,0,0,74
BRDA:39,0,1,74
BRDA:39,0,2,74
BRDA:39,0,3,74
BRDA:39,0,4,74
BRDA:39,0,5,74
BRDA:39,0,6,74
BRDA:39,0,7,74
DA:41,74
BRDA:41,0,0,74
BRDA:41,0,1,74
DA:45,35
BRDA:45,0,0,0
BRDA:45,0,1,0
BRDA:45,0,2,0
BRDA:45,0,3,0
BRDA:45,0,4,0
BRDA:45,0,5,0
BRDA:45,0,6,0
BRDA:45,0,7,0
BRDA:45,0,8,0
BRDA:45,0,9,0
BRDA:45,0,10,0
BRDA:45,0,11,0
BRDA:45,0,12,0
BRDA:45,0,13,0
BRDA:45,0,14,35
BRDA:45,0,15,34
BRDA:45,0,16,4
BRDA:45,0,17,4
BRDA:45,0,18,0
BRDA:45,0,19,0
BRDA:45,0,20,0
BRDA:45,0,21,0
BRDA:45,0,22,0
BRDA:45,0,23,0
BRDA:45,0,24,0
BRDA:45,0,25,0
BRDA:45,0,26,0
BRDA:45,0,27,0
BRDA:45,0,28,0
BRDA:45,0,29,0
BRDA:45,0,30,0
BRDA:45,0,31,0
BRDA:45,0,32,0
BRDA:45,0,33,0
BRDA:45,0,34,0
BRDA:45,0,35,0
BRDA:45,0,36,0
BRDA:45,0,37,0
BRDA:45,0,38,0
BRDA:45,0,39,0
BRDA:45,0,40,0
BRDA:45,0,41,0
BRDA:45,0,42,0
BRDA:45,0,43,0
BRDA:45,0,44,1
BRDA:45,0,45,1
BRDA:45,0,46,0
BRDA:45,0,47,0
BRDA:45,0,48,0
BRDA:45,0,49,0
BRDA:45,0,50,0
BRDA:45,0,51,0
BRDA:45,0,52,0
BRDA:45,0,53,0
BRDA:45,0,54,0
BRDA:45,0,55,0
BRDA:45,0,56,0
BRDA:45,0,57,0
BRDA:45,0,58,0
BRDA:45,0,59,0
BRDA:45,0,60,0
BRDA:45,0,61,0
BRDA:45,0,62,0
BRDA:45,0,63,0
DA:46,35
BRDA:46,0,0,35
BRDA:46,0,1,34
DA:47,103956
DA:48,103918
BRDA:48,0,0,38
BRDA:48,0,1,103918
BRDA:48,0,2,38
DA:49,38
DA:50,103844
BRDA:50,0,0,74
BRDA:50,0,1,103844
BRDA:50,0,2,148
BRDA:50,0,3,103844
BRDA:50,0,4,74
DA:51,74
DA:52,74
DA:62,21
BRDA:62,0,0,19
BRDA:62,0,1,19
BRDA:62,0,2,0
BRDA:62,0,3,0
BRDA:62,0,4,0
BRDA:62,0,5,0
BRDA:62,0,6,0
BRDA:62,0,7,0
BRDA:62,0,8,0
BRDA:62,0,9,0
BRDA:62,0,10,0
BRDA:62,0,11,0
BRDA:62,0,12,0
BRDA:62,0,13,0
BRDA:62,0,14,0
BRDA:62,0,15,0
BRDA:62,0,16,0
BRDA:62,0,17,0
BRDA:62,0,18,0
BRDA:62,0,19,0
BRDA:62,0,20,0
BRDA:62,0,21,0
BRDA:62,0,22,17
BRDA:62,0,23,17
BRDA:62,0,24,0
BRDA:62,0,25,0
BRDA:62,0,26,0
BRDA:62,0,27,0
BRDA:62,0,28,0
BRDA:62,0,29,0
BRDA:62,0,30,0
BRDA:62,0,31,0
BRDA:62,0,32,0
BRDA:62,0,33,0
BRDA:62,0,34,0
BRDA:62,0,35,0
BRDA:62,0,36,0
BRDA:62,0,37,0
BRDA:62,0,38,0
BRDA:62,0,39,0
BRDA:62,0,40,0
BRDA:62,0,41,0
BRDA:62,0,42,0
BRDA:62,0,43,0
BRDA:62,0,44,21
BRDA:62,0,45,20
BRDA:62,0,46,0
BRDA:62,0,47,0
BRDA:62,0,48,0
BRDA:62,0,49,0
BRDA:62,0,50,16
BRDA:62,0,51,16
BRDA:62,0,52,18
BRDA:62,0,53,18
BRDA:62,0,54,3
BRDA:62,0,55,3
BRDA:62,0,56,2
BRDA:62,0,57,2
BRDA:62,0,58,3
BRDA:62,0,59,3
BRDA:62,0,60,0
BRDA:62,0,61,0
BRDA:62,0,62,0
BRDA:62,0,63,0
DA:63,103956
DA:64,103918
BRDA:64,0,0,38
BRDA:64,0,1,103918
BRDA:64,0,2,38
DA:65,103844
BRDA:65,0,0,74
BRDA:65,0,1,103844
DA:68,117056
DA:69,117056
DA:70,117056
DA:71,116908
BRDA:71,0,0,116908
BRDA:71,0,1,74
BRDA:71,0,2,116834
DA:72,74
DA:73,74
BRDA:73,0,0,74
BRDA:73,0,1,74
BRDA:73,0,2,0
DA:77,103956
DA:78,103918
BRDA:78,0,0,103918
BRDA:78,0,1,38
BRDA:78,0,2,103918
BRDA:78,0,3,38
DA:79,103918
DA:82,103957
DA:83,103957
BRDA:83,0,0,103957
BRDA:83,0,1,74
BRDA:83,0,2,103809
BRDA:83,0,3,74
DA:84,103957
DA:95,117056
DA:96,116834
BRDA:96,0,0,148
BRDA:96,0,1,116834
BRDA:96,0,2,74
BRDA:96,0,3,116834
DA:97,116834
DA:98,148
BRDA:98,0,0,74
BRDA:98,0,1,148
BRDA:98,0,2,148
BRDA:98,0,3,74
BRDA:98,0,4,0
DA:99,74
DA:101,148
BRF:584
BRH:120
end_of_record
SF:../../rtl/apb_decoder.sv
DA:23,74
BRDA:23,0,0,74
BRDA:23,0,1,74
DA:24,74
BRDA:24,0,0,74
BRDA:24,0,1,74
DA:25,35
BRDA:25,0,0,35
BRDA:25,0,1,34
DA:26,35
BRDA:26,0,0,0
BRDA:26,0,1,0
BRDA:26,0,2,0
BRDA:26,0,3,0
BRDA:26,0,4,0
BRDA:26,0,5,0
BRDA:26,0,6,0
BRDA:26,0,7,0
BRDA:26,0,8,0
BRDA:26,0,9,0
BRDA:26,0,10,0
BRDA:26,0,11,0
BRDA:26,0,12,0
BRDA:26,0,13,0
BRDA:26,0,14,35
BRDA:26,0,15,34
BRDA:26,0,16,4
BRDA:26,0,17,4
BRDA:26,0,18,0
BRDA:26,0,19,0
BRDA:26,0,20,0
BRDA:26,0,21,0
BRDA:26,0,22,0
BRDA:26,0,23,0
BRDA:26,0,24,0
BRDA:26,0,25,0
BRDA:26,0,26,0
BRDA:26,0,27,0
BRDA:26,0,28,0
BRDA:26,0,29,0
BRDA:26,0,30,0
BRDA:26,0,31,0
BRDA:26,0,32,0
BRDA:26,0,33,0
BRDA:26,0,34,0
BRDA:26,0,35,0
BRDA:26,0,36,0
BRDA:26,0,37,0
BRDA:26,0,38,0
BRDA:26,0,39,0
BRDA:26,0,40,0
BRDA:26,0,41,0
BRDA:26,0,42,0
BRDA:26,0,43,0
BRDA:26,0,44,1
BRDA:26,0,45,1
BRDA:26,0,46,0
BRDA:26,0,47,0
BRDA:26,0,48,0
BRDA:26,0,49,0
BRDA:26,0,50,0
BRDA:26,0,51,0
BRDA:26,0,52,0
BRDA:26,0,53,0
BRDA:26,0,54,0
BRDA:26,0,55,0
BRDA:26,0,56,0
BRDA:26,0,57,0
BRDA:26,0,58,0
BRDA:26,0,59,0
BRDA:26,0,60,0
BRDA:26,0,61,0
BRDA:26,0,62,0
BRDA:26,0,63,0
DA:27,21
BRDA:27,0,0,19
BRDA:27,0,1,19
BRDA:27,0,2,0
BRDA:27,0,3,0
BRDA:27,0,4,0
BRDA:27,0,5,0
BRDA:27,0,6,0
BRDA:27,0,7,0
BRDA:27,0,8,0
BRDA:27,0,9,0
BRDA:27,0,10,0
BRDA:27,0,11,0
BRDA:27,0,12,0
BRDA:27,0,13,0
BRDA:27,0,14,0
BRDA:27,0,15,0
BRDA:27,0,16,0
BRDA:27,0,17,0
BRDA:27,0,18,0
BRDA:27,0,19,0
BRDA:27,0,20,0
BRDA:27,0,21,0
BRDA:27,0,22,17
BRDA:27,0,23,17
BRDA:27,0,24,0
BRDA:27,0,25,0
BRDA:27,0,26,0
BRDA:27,0,27,0
BRDA:27,0,28,0
BRDA:27,0,29,0
BRDA:27,0,30,0
BRDA:27,0,31,0
BRDA:27,0,32,0
BRDA:27,0,33,0
BRDA:27,0,34,0
BRDA:27,0,35,0
BRDA:27,0,36,0
BRDA:27,0,37,0
BRDA:27,0,38,0
BRDA:27,0,39,0
BRDA:27,0,40,0
BRDA:27,0,41,0
BRDA:27,0,42,0
BRDA:27,0,43,0
BRDA:27,0,44,21
BRDA:27,0,45,20
BRDA:27,0,46,0
BRDA:27,0,47,0
BRDA:27,0,48,0
BRDA:27,0,49,0
BRDA:27,0,50,16
BRDA:27,0,51,16
BRDA:27,0,52,18
BRDA:27,0,53,18
BRDA:27,0,54,3
BRDA:27,0,55,3
BRDA:27,0,56,2
BRDA:27,0,57,2
BRDA:27,0,58,3
BRDA:27,0,59,3
BRDA:27,0,60,0
BRDA:27,0,61,0
BRDA:27,0,62,0
BRDA:27,0,63,0
DA:28,18
BRDA:28,0,0,4
BRDA:28,0,1,4
BRDA:28,0,2,0
BRDA:28,0,3,0
BRDA:28,0,4,0
BRDA:28,0,5,0
BRDA:28,0,6,0
BRDA:28,0,7,0
BRDA:28,0,8,0
BRDA:28,0,9,0
BRDA:28,0,10,0
BRDA:28,0,11,0
BRDA:28,0,12,0
BRDA:28,0,13,0
BRDA:28,0,14,0
BRDA:28,0,15,0
BRDA:28,0,16,0
BRDA:28,0,17,0
BRDA:28,0,18,0
BRDA:28,0,19,0
BRDA:28,0,20,0
BRDA:28,0,21,0
BRDA:28,0,22,0
BRDA:28,0,23,0
BRDA:28,0,24,0
BRDA:28,0,25,0
BRDA:28,0,26,0
BRDA:28,0,27,0
BRDA:28,0,28,0
BRDA:28,0,29,0
BRDA:28,0,30,0
BRDA:28,0,31,0
BRDA:28,0,32,0
BRDA:28,0,33,0
BRDA:28,0,34,0
BRDA:28,0,35,0
BRDA:28,0,36,0
BRDA:28,0,37,0
BRDA:28,0,38,0
BRDA:28,0,39,0
BRDA:28,0,40,0
BRDA:28,0,41,0
BRDA:28,0,42,0
BRDA:28,0,43,0
BRDA:28,0,44,16
BRDA:28,0,45,16
BRDA:28,0,46,0
BRDA:28,0,47,0
BRDA:28,0,48,0
BRDA:28,0,49,0
BRDA:28,0,50,16
BRDA:28,0,51,16
BRDA:28,0,52,18
BRDA:28,0,53,17
BRDA:28,0,54,16
BRDA:28,0,55,16
BRDA:28,0,56,16
BRDA:28,0,57,16
BRDA:28,0,58,0
BRDA:28,0,59,0
BRDA:28,0,60,0
BRDA:28,0,61,0
BRDA:28,0,62,0
BRDA:28,0,63,0
DA:29,1
BRDA:29,0,0,1
BRDA:29,0,1,0
DA:32,64
BRDA:32,0,0,64
BRDA:32,0,1,64
DA:33,18
BRDA:33,0,0,0
BRDA:33,0,1,0
BRDA:33,0,2,0
BRDA:33,0,3,0
BRDA:33,0,4,0
BRDA:33,0,5,0
BRDA:33,0,6,0
BRDA:33,0,7,0
BRDA:33,0,8,0
BRDA:33,0,9,0
BRDA:33,0,10,0
BRDA:33,0,11,0
BRDA:33,0,12,0
BRDA:33,0,13,0
BRDA:33,0,14,0
BRDA:33,0,15,0
BRDA:33,0,16,0
BRDA:33,0,17,0
BRDA:33,0,18,0
BRDA:33,0,19,0
BRDA:33,0,20,0
BRDA:33,0,21,0
BRDA:33,0,22,0
BRDA:33,0,23,0
BRDA:33,0,24,0
BRDA:33,0,25,0
BRDA:33,0,26,0
BRDA:33,0,27,0
BRDA:33,0,28,0
BRDA:33,0,29,0
BRDA:33,0,30,0
BRDA:33,0,31,0
BRDA:33,0,32,0
BRDA:33,0,33,0
BRDA:33,0,34,0
BRDA:33,0,35,0
BRDA:33,0,36,0
BRDA:33,0,37,0
BRDA:33,0,38,0
BRDA:33,0,39,0
BRDA:33,0,40,0
BRDA:33,0,41,0
BRDA:33,0,42,0
BRDA:33,0,43,0
BRDA:33,0,44,16
BRDA:33,0,45,16
BRDA:33,0,46,0
BRDA:33,0,47,0
BRDA:33,0,48,0
BRDA:33,0,49,0
BRDA:33,0,50,16
BRDA:33,0,51,16
BRDA:33,0,52,18
BRDA:33,0,53,17
BRDA:33,0,54,16
BRDA:33,0,55,16
BRDA:33,0,56,16
BRDA:33,0,57,16
BRDA:33,0,58,0
BRDA:33,0,59,0
BRDA:33,0,60,0
BRDA:33,0,61,0
BRDA:33,0,62,0
BRDA:33,0,63,0
DA:34,1
BRDA:34,0,0,1
BRDA:34,0,1,0
DA:37,4
BRDA:37,0,0,4
BRDA:37,0,1,4
DA:38,1
BRDA:38,0,0,1
BRDA:38,0,1,1
BRDA:38,0,2,0
BRDA:38,0,3,0
BRDA:38,0,4,0
BRDA:38,0,5,0
BRDA:38,0,6,0
BRDA:38,0,7,0
BRDA:38,0,8,0
BRDA:38,0,9,0
BRDA:38,0,10,0
BRDA:38,0,11,0
BRDA:38,0,12,0
BRDA:38,0,13,0
BRDA:38,0,14,0
BRDA:38,0,15,0
BRDA:38,0,16,0
BRDA:38,0,17,0
BRDA:38,0,18,0
BRDA:38,0,19,0
BRDA:38,0,20,0
BRDA:38,0,21,0
BRDA:38,0,22,0
BRDA:38,0,23,0
BRDA:38,0,24,0
BRDA:38,0,25,0
BRDA:38,0,26,0
BRDA:38,0,27,0
BRDA:38,0,28,0
BRDA:38,0,29,0
BRDA:38,0,30,0
BRDA:38,0,31,0
BRDA:38,0,32,0
BRDA:38,0,33,0
BRDA:38,0,34,0
BRDA:38,0,35,0
BRDA:38,0,36,0
BRDA:38,0,37,0
BRDA:38,0,38,0
BRDA:38,0,39,0
BRDA:38,0,40,0
BRDA:38,0,41,0
BRDA:38,0,42,0
BRDA:38,0,43,0
BRDA:38,0,44,0
BRDA:38,0,45,0
BRDA:38,0,46,0
BRDA:38,0,47,0
BRDA:38,0,48,0
BRDA:38,0,49,0
BRDA:38,0,50,0
BRDA:38,0,51,0
BRDA:38,0,52,0
BRDA:38,0,53,0
BRDA:38,0,54,0
BRDA:38,0,55,0
BRDA:38,0,56,0
BRDA:38,0,57,0
BRDA:38,0,58,0
BRDA:38,0,59,0
BRDA:38,0,60,0
BRDA:38,0,61,0
BRDA:38,0,62,0
BRDA:38,0,63,0
DA:39,1
BRDA:39,0,0,1
BRDA:39,0,1,0
DA:42,6
BRDA:42,0,0,6
BRDA:42,0,1,6
DA:43,3
BRDA:43,0,0,3
BRDA:43,0,1,3
BRDA:43,0,2,0
BRDA:43,0,3,0
BRDA:43,0,4,0
BRDA:43,0,5,0
BRDA:43,0,6,0
BRDA:43,0,7,0
BRDA:43,0,8,0
BRDA:43,0,9,0
BRDA:43,0,10,0
BRDA:43,0,11,0
BRDA:43,0,12,0
BRDA:43,0,13,0
BRDA:43,0,14,0
BRDA:43,0,15,0
BRDA:43,0,16,0
BRDA:43,0,17,0
BRDA:43,0,18,0
BRDA:43,0,19,0
BRDA:43,0,20,0
BRDA:43,0,21,0
BRDA:43,0,22,0
BRDA:43,0,23,0
BRDA:43,0,24,0
BRDA:43,0,25,0
BRDA:43,0,26,0
BRDA:43,0,27,0
BRDA:43,0,28,0
BRDA:43,0,29,0
BRDA:43,0,30,0
BRDA:43,0,31,0
BRDA:43,0,32,0
BRDA:43,0,33,0
BRDA:43,0,34,0
BRDA:43,0,35,0
BRDA:43,0,36,0
BRDA:43,0,37,0
BRDA:43,0,38,0
BRDA:43,0,39,0
BRDA:43,0,40,0
BRDA:43,0,41,0
BRDA:43,0,42,0
BRDA:43,0,43,0
BRDA:43,0,44,0
BRDA:43,0,45,0
BRDA:43,0,46,0
BRDA:43,0,47,0
BRDA:43,0,48,0
BRDA:43,0,49,0
BRDA:43,0,50,0
BRDA:43,0,51,0
BRDA:43,0,52,0
BRDA:43,0,53,0
BRDA:43,0,54,0
BRDA:43,0,55,0
BRDA:43,0,56,0
BRDA:43,0,57,0
BRDA:43,0,58,0
BRDA:43,0,59,0
BRDA:43,0,60,0
BRDA:43,0,61,0
BRDA:43,0,62,0
BRDA:43,0,63,0
DA:44,1
BRDA:44,0,0,1
BRDA:44,0,1,0
DA:47,74
BRDA:47,0,0,74
BRDA:47,0,1,74
DA:48,35
BRDA:48,0,0,35
BRDA:48,0,1,34
DA:49,35
BRDA:49,0,0,0
BRDA:49,0,1,0
BRDA:49,0,2,0
BRDA:49,0,3,0
BRDA:49,0,4,0
BRDA:49,0,5,0
BRDA:49,0,6,0
BRDA:49,0,7,0
BRDA:49,0,8,0
BRDA:49,0,9,0
BRDA:49,0,10,0
BRDA:49,0,11,0
BRDA:49,0,12,0
BRDA:49,0,13,0
BRDA:49,0,14,35
BRDA:49,0,15,34
BRDA:49,0,16,4
BRDA:49,0,17,4
BRDA:49,0,18,0
BRDA:49,0,19,0
BRDA:49,0,20,0
BRDA:49,0,21,0
BRDA:49,0,22,0
BRDA:49,0,23,0
BRDA:49,0,24,0
BRDA:49,0,25,0
BRDA:49,0,26,0
BRDA:49,0,27,0
BRDA:49,0,28,0
BRDA:49,0,29,0
BRDA:49,0,30,0
BRDA:49,0,31,0
BRDA:49,0,32,0
BRDA:49,0,33,0
BRDA:49,0,34,0
BRDA:49,0,35,0
BRDA:49,0,36,0
BRDA:49,0,37,0
BRDA:49,0,38,0
BRDA:49,0,39,0
BRDA:49,0,40,0
BRDA:49,0,41,0
BRDA:49,0,42,0
BRDA:49,0,43,0
BRDA:49,0,44,1
BRDA:49,0,45,1
BRDA:49,0,46,0
BRDA:49,0,47,0
BRDA:49,0,48,0
BRDA:49,0,49,0
BRDA:49,0,50,0
BRDA:49,0,51,0
BRDA:49,0,52,0
BRDA:49,0,53,0
BRDA:49,0,54,0
BRDA:49,0,55,0
BRDA:49,0,56,0
BRDA:49,0,57,0
BRDA:49,0,58,0
BRDA:49,0,59,0
BRDA:49,0,60,0
BRDA:49,0,61,0
BRDA:49,0,62,0
BRDA:49,0,63,0
DA:50,21
BRDA:50,0,0,19
BRDA:50,0,1,19
BRDA:50,0,2,0
BRDA:50,0,3,0
BRDA:50,0,4,0
BRDA:50,0,5,0
BRDA:50,0,6,0
BRDA:50,0,7,0
BRDA:50,0,8,0
BRDA:50,0,9,0
BRDA:50,0,10,0
BRDA:50,0,11,0
BRDA:50,0,12,0
BRDA:50,0,13,0
BRDA:50,0,14,0
BRDA:50,0,15,0
BRDA:50,0,16,0
BRDA:50,0,17,0
BRDA:50,0,18,0
BRDA:50,0,19,0
BRDA:50,0,20,0
BRDA:50,0,21,0
BRDA:50,0,22,17
BRDA:50,0,23,17
BRDA:50,0,24,0
BRDA:50,0,25,0
BRDA:50,0,26,0
BRDA:50,0,27,0
BRDA:50,0,28,0
BRDA:50,0,29,0
BRDA:50,0,30,0
BRDA:50,0,31,0
BRDA:50,0,32,0
BRDA:50,0,33,0
BRDA:50,0,34,0
BRDA:50,0,35,0
BRDA:50,0,36,0
BRDA:50,0,37,0
BRDA:50,0,38,0
BRDA:50,0,39,0
BRDA:50,0,40,0
BRDA:50,0,41,0
BRDA:50,0,42,0
BRDA:50,0,43,0
BRDA:50,0,44,21
BRDA:50,0,45,20
BRDA:50,0,46,0
BRDA:50,0,47,0
BRDA:50,0,48,0
BRDA:50,0,49,0
BRDA:50,0,50,16
BRDA:50,0,51,16
BRDA:50,0,52,18
BRDA:50,0,53,18
BRDA:50,0,54,3
BRDA:50,0,55,3
BRDA:50,0,56,2
BRDA:50,0,57,2
BRDA:50,0,58,3
BRDA:50,0,59,3
BRDA:50,0,60,0
BRDA:50,0,61,0
BRDA:50,0,62,0
BRDA:50,0,63,0
DA:60,35
BRDA:60,0,0,35
BRDA:60,0,1,34
BRDA:60,0,2,4
BRDA:60,0,3,4
DA:65,103957
DA:66,103957
DA:67,103957
DA:68,103957
DA:69,103809
BRDA:69,0,0,103809
BRDA:69,0,1,148
DA:70,148
DA:71,128
DA:72,8
DA:73,12
DA:74,0
DA:80,103957
DA:81,103957
DA:82,80295
DA:83,2973
DA:84,7602
DA:85,13087
BRF:542
BRH:60
end_of_record
SF:../../rtl/apb_gpio.sv
DA:20,103918
BRDA:20,0,0,103918
BRDA:20,0,1,103917
DA:21,39
BRDA:21,0,0,39
BRDA:21,0,1,38
DA:24,64
BRDA:24,0,0,64
BRDA:24,0,1,64
DA:25,74
BRDA:25,0,0,74
BRDA:25,0,1,74
DA:26,35
BRDA:26,0,0,35
BRDA:26,0,1,34
DA:27,35
BRDA:27,0,0,0
BRDA:27,0,1,0
BRDA:27,0,2,0
BRDA:27,0,3,0
BRDA:27,0,4,0
BRDA:27,0,5,0
BRDA:27,0,6,0
BRDA:27,0,7,0
BRDA:27,0,8,0
BRDA:27,0,9,0
BRDA:27,0,10,0
BRDA:27,0,11,0
BRDA:27,0,12,0
BRDA:27,0,13,0
BRDA:27,0,14,35
BRDA:27,0,15,34
BRDA:27,0,16,4
BRDA:27,0,17,4
BRDA:27,0,18,0
BRDA:27,0,19,0
BRDA:27,0,20,0
BRDA:27,0,21,0
BRDA:27,0,22,0
BRDA:27,0,23,0
BRDA:27,0,24,0
BRDA:27,0,25,0
BRDA:27,0,26,0
BRDA:27,0,27,0
BRDA:27,0,28,0
BRDA:27,0,29,0
BRDA:27,0,30,0
BRDA:27,0,31,0
BRDA:27,0,32,0
BRDA:27,0,33,0
BRDA:27,0,34,0
BRDA:27,0,35,0
BRDA:27,0,36,0
BRDA:27,0,37,0
BRDA:27,0,38,0
BRDA:27,0,39,0
BRDA:27,0,40,0
BRDA:27,0,41,0
BRDA:27,0,42,0
BRDA:27,0,43,0
BRDA:27,0,44,1
BRDA:27,0,45,1
BRDA:27,0,46,0
BRDA:27,0,47,0
BRDA:27,0,48,0
BRDA:27,0,49,0
BRDA:27,0,50,0
BRDA:27,0,51,0
BRDA:27,0,52,0
BRDA:27,0,53,0
BRDA:27,0,54,0
BRDA:27,0,55,0
BRDA:27,0,56,0
BRDA:27,0,57,0
BRDA:27,0,58,0
BRDA:27,0,59,0
BRDA:27,0,60,0
BRDA:27,0,61,0
BRDA:27,0,62,0
BRDA:27,0,63,0
DA:28,21
BRDA:28,0,0,19
BRDA:28,0,1,19
BRDA:28,0,2,0
BRDA:28,0,3,0
BRDA:28,0,4,0
BRDA:28,0,5,0
BRDA:28,0,6,0
BRDA:28,0,7,0
BRDA:28,0,8,0
BRDA:28,0,9,0
BRDA:28,0,10,0
BRDA:28,0,11,0
BRDA:28,0,12,0
BRDA:28,0,13,0
BRDA:28,0,14,0
BRDA:28,0,15,0
BRDA:28,0,16,0
BRDA:28,0,17,0
BRDA:28,0,18,0
BRDA:28,0,19,0
BRDA:28,0,20,0
BRDA:28,0,21,0
BRDA:28,0,22,17
BRDA:28,0,23,17
BRDA:28,0,24,0
BRDA:28,0,25,0
BRDA:28,0,26,0
BRDA:28,0,27,0
BRDA:28,0,28,0
BRDA:28,0,29,0
BRDA:28,0,30,0
BRDA:28,0,31,0
BRDA:28,0,32,0
BRDA:28,0,33,0
BRDA:28,0,34,0
BRDA:28,0,35,0
BRDA:28,0,36,0
BRDA:28,0,37,0
BRDA:28,0,38,0
BRDA:28,0,39,0
BRDA:28,0,40,0
BRDA:28,0,41,0
BRDA:28,0,42,0
BRDA:28,0,43,0
BRDA:28,0,44,21
BRDA:28,0,45,20
BRDA:28,0,46,0
BRDA:28,0,47,0
BRDA:28,0,48,0
BRDA:28,0,49,0
BRDA:28,0,50,16
BRDA:28,0,51,16
BRDA:28,0,52,18
BRDA:28,0,53,18
BRDA:28,0,54,3
BRDA:28,0,55,3
BRDA:28,0,56,2
BRDA:28,0,57,2
BRDA:28,0,58,3
BRDA:28,0,59,3
BRDA:28,0,60,0
BRDA:28,0,61,0
BRDA:28,0,62,0
BRDA:28,0,63,0
DA:29,18
BRDA:29,0,0,0
BRDA:29,0,1,0
BRDA:29,0,2,0
BRDA:29,0,3,0
BRDA:29,0,4,0
BRDA:29,0,5,0
BRDA:29,0,6,0
BRDA:29,0,7,0
BRDA:29,0,8,0
BRDA:29,0,9,0
BRDA:29,0,10,0
BRDA:29,0,11,0
BRDA:29,0,12,0
BRDA:29,0,13,0
BRDA:29,0,14,0
BRDA:29,0,15,0
BRDA:29,0,16,0
BRDA:29,0,17,0
BRDA:29,0,18,0
BRDA:29,0,19,0
BRDA:29,0,20,0
BRDA:29,0,21,0
BRDA:29,0,22,0
BRDA:29,0,23,0
BRDA:29,0,24,0
BRDA:29,0,25,0
BRDA:29,0,26,0
BRDA:29,0,27,0
BRDA:29,0,28,0
BRDA:29,0,29,0
BRDA:29,0,30,0
BRDA:29,0,31,0
BRDA:29,0,32,0
BRDA:29,0,33,0
BRDA:29,0,34,0
BRDA:29,0,35,0
BRDA:29,0,36,0
BRDA:29,0,37,0
BRDA:29,0,38,0
BRDA:29,0,39,0
BRDA:29,0,40,0
BRDA:29,0,41,0
BRDA:29,0,42,0
BRDA:29,0,43,0
BRDA:29,0,44,16
BRDA:29,0,45,16
BRDA:29,0,46,0
BRDA:29,0,47,0
BRDA:29,0,48,0
BRDA:29,0,49,0
BRDA:29,0,50,16
BRDA:29,0,51,16
BRDA:29,0,52,18
BRDA:29,0,53,17
BRDA:29,0,54,16
BRDA:29,0,55,16
BRDA:29,0,56,16
BRDA:29,0,57,16
BRDA:29,0,58,0
BRDA:29,0,59,0
BRDA:29,0,60,0
BRDA:29,0,61,0
BRDA:29,0,62,0
BRDA:29,0,63,0
DA:30,1
BRDA:30,0,0,1
BRDA:30,0,1,0
DA:33,18
BRDA:33,0,0,16
BRDA:33,0,1,16
BRDA:33,0,2,16
BRDA:33,0,3,16
BRDA:33,0,4,18
BRDA:33,0,5,17
BRDA:33,0,6,16
BRDA:33,0,7,16
BRDA:33,0,8,16
BRDA:33,0,9,16
DA:34,0
BRDA:34,0,0,0
BRDA:34,0,1,0
BRDA:34,0,2,0
BRDA:34,0,3,0
DA:41,64
BRDA:41,0,0,64
BRDA:41,0,1,64
DA:45,64
BRDA:45,0,0,64
BRDA:45,0,1,64
DA:46,64
BRDA:46,0,0,64
BRDA:46,0,1,64
DA:47,18
BRDA:47,0,0,0
BRDA:47,0,1,0
BRDA:47,0,2,0
BRDA:47,0,3,0
BRDA:47,0,4,0
BRDA:47,0,5,0
BRDA:47,0,6,0
BRDA:47,0,7,0
BRDA:47,0,8,0
BRDA:47,0,9,0
BRDA:47,0,10,0
BRDA:47,0,11,0
BRDA:47,0,12,0
BRDA:47,0,13,0
BRDA:47,0,14,0
BRDA:47,0,15,0
BRDA:47,0,16,0
BRDA:47,0,17,0
BRDA:47,0,18,0
BRDA:47,0,19,0
BRDA:47,0,20,0
BRDA:47,0,21,0
BRDA:47,0,22,0
BRDA:47,0,23,0
BRDA:47,0,24,0
BRDA:47,0,25,0
BRDA:47,0,26,0
BRDA:47,0,27,0
BRDA:47,0,28,0
BRDA:47,0,29,0
BRDA:47,0,30,0
BRDA:47,0,31,0
BRDA:47,0,32,0
BRDA:47,0,33,0
BRDA:47,0,34,0
BRDA:47,0,35,0
BRDA:47,0,36,0
BRDA:47,0,37,0
BRDA:47,0,38,0
BRDA:47,0,39,0
BRDA:47,0,40,0
BRDA:47,0,41,0
BRDA:47,0,42,0
BRDA:47,0,43,0
BRDA:47,0,44,16
BRDA:47,0,45,16
BRDA:47,0,46,0
BRDA:47,0,47,0
BRDA:47,0,48,0
BRDA:47,0,49,0
BRDA:47,0,50,16
BRDA:47,0,51,16
BRDA:47,0,52,18
BRDA:47,0,53,17
BRDA:47,0,54,16
BRDA:47,0,55,16
BRDA:47,0,56,16
BRDA:47,0,57,16
BRDA:47,0,58,0
BRDA:47,0,59,0
BRDA:47,0,60,0
BRDA:47,0,61,0
BRDA:47,0,62,0
BRDA:47,0,63,0
BRF:288
BRH:58
end_of_record
SF:../../rtl/apb_spi.sv
DA:18,103918
BRDA:18,0,0,103918
BRDA:18,0,1,103917
DA:19,39
BRDA:19,0,0,39
BRDA:19,0,1,38
DA:22,6
BRDA:22,0,0,6
BRDA:22,0,1,6
DA:23,74
BRDA:23,0,0,74
BRDA:23,0,1,74
DA:24,35
BRDA:24,0,0,35
BRDA:24,0,1,34
DA:25,35
BRDA:25,0,0,0
BRDA:25,0,1,0
BRDA:25,0,2,0
BRDA:25,0,3,0
BRDA:25,0,4,0
BRDA:25,0,5,0
BRDA:25,0,6,0
BRDA:25,0,7,0
BRDA:25,0,8,0
BRDA:25,0,9,0
BRDA:25,0,10,0
BRDA:25,0,11,0
BRDA:25,0,12,0
BRDA:25,0,13,0
BRDA:25,0,14,35
BRDA:25,0,15,34
BRDA:25,0,16,4
BRDA:25,0,17,4
BRDA:25,0,18,0
BRDA:25,0,19,0
BRDA:25,0,20,0
BRDA:25,0,21,0
BRDA:25,0,22,0
BRDA:25,0,23,0
BRDA:25,0,24,0
BRDA:25,0,25,0
BRDA:25,0,26,0
BRDA:25,0,27,0
BRDA:25,0,28,0
BRDA:25,0,29,0
BRDA:25,0,30,0
BRDA:25,0,31,0
BRDA:25,0,32,0
BRDA:25,0,33,0
BRDA:25,0,34,0
BRDA:25,0,35,0
BRDA:25,0,36,0
BRDA:25,0,37,0
BRDA:25,0,38,0
BRDA:25,0,39,0
BRDA:25,0,40,0
BRDA:25,0,41,0
BRDA:25,0,42,0
BRDA:25,0,43,0
BRDA:25,0,44,1
BRDA:25,0,45,1
BRDA:25,0,46,0
BRDA:25,0,47,0
BRDA:25,0,48,0
BRDA:25,0,49,0
BRDA:25,0,50,0
BRDA:25,0,51,0
BRDA:25,0,52,0
BRDA:25,0,53,0
BRDA:25,0,54,0
BRDA:25,0,55,0
BRDA:25,0,56,0
BRDA:25,0,57,0
BRDA:25,0,58,0
BRDA:25,0,59,0
BRDA:25,0,60,0
BRDA:25,0,61,0
BRDA:25,0,62,0
BRDA:25,0,63,0
DA:26,21
BRDA:26,0,0,19
BRDA:26,0,1,19
BRDA:26,0,2,0
BRDA:26,0,3,0
BRDA:26,0,4,0
BRDA:26,0,5,0
BRDA:26,0,6,0
BRDA:26,0,7,0
BRDA:26,0,8,0
BRDA:26,0,9,0
BRDA:26,0,10,0
BRDA:26,0,11,0
BRDA:26,0,12,0
BRDA:26,0,13,0
BRDA:26,0,14,0
BRDA:26,0,15,0
BRDA:26,0,16,0
BRDA:26,0,17,0
BRDA:26,0,18,0
BRDA:26,0,19,0
BRDA:26,0,20,0
BRDA:26,0,21,0
BRDA:26,0,22,17
BRDA:26,0,23,17
BRDA:26,0,24,0
BRDA:26,0,25,0
BRDA:26,0,26,0
BRDA:26,0,27,0
BRDA:26,0,28,0
BRDA:26,0,29,0
BRDA:26,0,30,0
BRDA:26,0,31,0
BRDA:26,0,32,0
BRDA:26,0,33,0
BRDA:26,0,34,0
BRDA:26,0,35,0
BRDA:26,0,36,0
BRDA:26,0,37,0
BRDA:26,0,38,0
BRDA:26,0,39,0
BRDA:26,0,40,0
BRDA:26,0,41,0
BRDA:26,0,42,0
BRDA:26,0,43,0
BRDA:26,0,44,21
BRDA:26,0,45,20
BRDA:26,0,46,0
BRDA:26,0,47,0
BRDA:26,0,48,0
BRDA:26,0,49,0
BRDA:26,0,50,16
BRDA:26,0,51,16
BRDA:26,0,52,18
BRDA:26,0,53,18
BRDA:26,0,54,3
BRDA:26,0,55,3
BRDA:26,0,56,2
BRDA:26,0,57,2
BRDA:26,0,58,3
BRDA:26,0,59,3
BRDA:26,0,60,0
BRDA:26,0,61,0
BRDA:26,0,62,0
BRDA:26,0,63,0
DA:27,3
BRDA:27,0,0,3
BRDA:27,0,1,3
BRDA:27,0,2,0
BRDA:27,0,3,0
BRDA:27,0,4,0
BRDA:27,0,5,0
BRDA:27,0,6,0
BRDA:27,0,7,0
BRDA:27,0,8,0
BRDA:27,0,9,0
BRDA:27,0,10,0
BRDA:27,0,11,0
BRDA:27,0,12,0
BRDA:27,0,13,0
BRDA:27,0,14,0
BRDA:27,0,15,0
BRDA:27,0,16,0
BRDA:27,0,17,0
BRDA:27,0,18,0
BRDA:27,0,19,0
BRDA:27,0,20,0
BRDA:27,0,21,0
BRDA:27,0,22,0
BRDA:27,0,23,0
BRDA:27,0,24,0
BRDA:27,0,25,0
BRDA:27,0,26,0
BRDA:27,0,27,0
BRDA:27,0,28,0
BRDA:27,0,29,0
BRDA:27,0,30,0
BRDA:27,0,31,0
BRDA:27,0,32,0
BRDA:27,0,33,0
BRDA:27,0,34,0
BRDA:27,0,35,0
BRDA:27,0,36,0
BRDA:27,0,37,0
BRDA:27,0,38,0
BRDA:27,0,39,0
BRDA:27,0,40,0
BRDA:27,0,41,0
BRDA:27,0,42,0
BRDA:27,0,43,0
BRDA:27,0,44,0
BRDA:27,0,45,0
BRDA:27,0,46,0
BRDA:27,0,47,0
BRDA:27,0,48,0
BRDA:27,0,49,0
BRDA:27,0,50,0
BRDA:27,0,51,0
BRDA:27,0,52,0
BRDA:27,0,53,0
BRDA:27,0,54,0
BRDA:27,0,55,0
BRDA:27,0,56,0
BRDA:27,0,57,0
BRDA:27,0,58,0
BRDA:27,0,59,0
BRDA:27,0,60,0
BRDA:27,0,61,0
BRDA:27,0,62,0
BRDA:27,0,63,0
DA:28,1
BRDA:28,0,0,1
BRDA:28,0,1,0
DA:31,21
BRDA:31,0,0,21
BRDA:31,0,1,21
DA:32,8
BRDA:32,0,0,8
BRDA:32,0,1,8
DA:33,0
BRDA:33,0,0,0
BRDA:33,0,1,0
DA:34,4
BRDA:34,0,0,4
BRDA:34,0,1,3
DA:39,6
BRDA:39,0,0,6
BRDA:39,0,1,6
DA:42,6
BRDA:42,0,0,6
BRDA:42,0,1,6
DA:43,6
BRDA:43,0,0,6
BRDA:43,0,1,6
DA:44,3
BRDA:44,0,0,3
BRDA:44,0,1,3
BRDA:44,0,2,0
BRDA:44,0,3,0
BRDA:44,0,4,0
BRDA:44,0,5,0
BRDA:44,0,6,0
BRDA:44,0,7,0
BRDA:44,0,8,0
BRDA:44,0,9,0
BRDA:44,0,10,0
BRDA:44,0,11,0
BRDA:44,0,12,0
BRDA:44,0,13,0
BRDA:44,0,14,0
BRDA:44,0,15,0
BRDA:44,0,16,0
BRDA:44,0,17,0
BRDA:44,0,18,0
BRDA:44,0,19,0
BRDA:44,0,20,0
BRDA:44,0,21,0
BRDA:44,0,22,0
BRDA:44,0,23,0
BRDA:44,0,24,0
BRDA:44,0,25,0
BRDA:44,0,26,0
BRDA:44,0,27,0
BRDA:44,0,28,0
BRDA:44,0,29,0
BRDA:44,0,30,0
BRDA:44,0,31,0
BRDA:44,0,32,0
BRDA:44,0,33,0
BRDA:44,0,34,0
BRDA:44,0,35,0
BRDA:44,0,36,0
BRDA:44,0,37,0
BRDA:44,0,38,0
BRDA:44,0,39,0
BRDA:44,0,40,0
BRDA:44,0,41,0
BRDA:44,0,42,0
BRDA:44,0,43,0
BRDA:44,0,44,0
BRDA:44,0,45,0
BRDA:44,0,46,0
BRDA:44,0,47,0
BRDA:44,0,48,0
BRDA:44,0,49,0
BRDA:44,0,50,0
BRDA:44,0,51,0
BRDA:44,0,52,0
BRDA:44,0,53,0
BRDA:44,0,54,0
BRDA:44,0,55,0
BRDA:44,0,56,0
BRDA:44,0,57,0
BRDA:44,0,58,0
BRDA:44,0,59,0
BRDA:44,0,60,0
BRDA:44,0,61,0
BRDA:44,0,62,0
BRDA:44,0,63,0
BRF:282
BRH:22
end_of_record
SF:../../rtl/apb_uart.sv
DA:15,103918
BRDA:15,0,0,103918
BRDA:15,0,1,103917
DA:16,39
BRDA:16,0,0,39
BRDA:16,0,1,38
DA:18,4
BRDA:18,0,0,4
BRDA:18,0,1,4
DA:19,74
BRDA:19,0,0,74
BRDA:19,0,1,74
DA:20,35
BRDA:20,0,0,35
BRDA:20,0,1,34
DA:21,35
BRDA:21,0,0,0
BRDA:21,0,1,0
BRDA:21,0,2,0
BRDA:21,0,3,0
BRDA:21,0,4,0
BRDA:21,0,5,0
BRDA:21,0,6,0
BRDA:21,0,7,0
BRDA:21,0,8,0
BRDA:21,0,9,0
BRDA:21,0,10,0
BRDA:21,0,11,0
BRDA:21,0,12,0
BRDA:21,0,13,0
BRDA:21,0,14,35
BRDA:21,0,15,34
BRDA:21,0,16,4
BRDA:21,0,17,4
BRDA:21,0,18,0
BRDA:21,0,19,0
BRDA:21,0,20,0
BRDA:21,0,21,0
BRDA:21,0,22,0
BRDA:21,0,23,0
BRDA:21,0,24,0
BRDA:21,0,25,0
BRDA:21,0,26,0
BRDA:21,0,27,0
BRDA:21,0,28,0
BRDA:21,0,29,0
BRDA:21,0,30,0
BRDA:21,0,31,0
BRDA:21,0,32,0
BRDA:21,0,33,0
BRDA:21,0,34,0
BRDA:21,0,35,0
BRDA:21,0,36,0
BRDA:21,0,37,0
BRDA:21,0,38,0
BRDA:21,0,39,0
BRDA:21,0,40,0
BRDA:21,0,41,0
BRDA:21,0,42,0
BRDA:21,0,43,0
BRDA:21,0,44,1
BRDA:21,0,45,1
BRDA:21,0,46,0
BRDA:21,0,47,0
BRDA:21,0,48,0
BRDA:21,0,49,0
BRDA:21,0,50,0
BRDA:21,0,51,0
BRDA:21,0,52,0
BRDA:21,0,53,0
BRDA:21,0,54,0
BRDA:21,0,55,0
BRDA:21,0,56,0
BRDA:21,0,57,0
BRDA:21,0,58,0
BRDA:21,0,59,0
BRDA:21,0,60,0
BRDA:21,0,61,0
BRDA:21,0,62,0
BRDA:21,0,63,0
DA:22,21
BRDA:22,0,0,19
BRDA:22,0,1,19
BRDA:22,0,2,0
BRDA:22,0,3,0
BRDA:22,0,4,0
BRDA:22,0,5,0
BRDA:22,0,6,0
BRDA:22,0,7,0
BRDA:22,0,8,0
BRDA:22,0,9,0
BRDA:22,0,10,0
BRDA:22,0,11,0
BRDA:22,0,12,0
BRDA:22,0,13,0
BRDA:22,0,14,0
BRDA:22,0,15,0
BRDA:22,0,16,0
BRDA:22,0,17,0
BRDA:22,0,18,0
BRDA:22,0,19,0
BRDA:22,0,20,0
BRDA:22,0,21,0
BRDA:22,0,22,17
BRDA:22,0,23,17
BRDA:22,0,24,0
BRDA:22,0,25,0
BRDA:22,0,26,0
BRDA:22,0,27,0
BRDA:22,0,28,0
BRDA:22,0,29,0
BRDA:22,0,30,0
BRDA:22,0,31,0
BRDA:22,0,32,0
BRDA:22,0,33,0
BRDA:22,0,34,0
BRDA:22,0,35,0
BRDA:22,0,36,0
BRDA:22,0,37,0
BRDA:22,0,38,0
BRDA:22,0,39,0
BRDA:22,0,40,0
BRDA:22,0,41,0
BRDA:22,0,42,0
BRDA:22,0,43,0
BRDA:22,0,44,21
BRDA:22,0,45,20
BRDA:22,0,46,0
BRDA:22,0,47,0
BRDA:22,0,48,0
BRDA:22,0,49,0
BRDA:22,0,50,16
BRDA:22,0,51,16
BRDA:22,0,52,18
BRDA:22,0,53,18
BRDA:22,0,54,3
BRDA:22,0,55,3
BRDA:22,0,56,2
BRDA:22,0,57,2
BRDA:22,0,58,3
BRDA:22,0,59,3
BRDA:22,0,60,0
BRDA:22,0,61,0
BRDA:22,0,62,0
BRDA:22,0,63,0
DA:23,1
BRDA:23,0,0,1
BRDA:23,0,1,1
BRDA:23,0,2,0
BRDA:23,0,3,0
BRDA:23,0,4,0
BRDA:23,0,5,0
BRDA:23,0,6,0
BRDA:23,0,7,0
BRDA:23,0,8,0
BRDA:23,0,9,0
BRDA:23,0,10,0
BRDA:23,0,11,0
BRDA:23,0,12,0
BRDA:23,0,13,0
BRDA:23,0,14,0
BRDA:23,0,15,0
BRDA:23,0,16,0
BRDA:23,0,17,0
BRDA:23,0,18,0
BRDA:23,0,19,0
BRDA:23,0,20,0
BRDA:23,0,21,0
BRDA:23,0,22,0
BRDA:23,0,23,0
BRDA:23,0,24,0
BRDA:23,0,25,0
BRDA:23,0,26,0
BRDA:23,0,27,0
BRDA:23,0,28,0
BRDA:23,0,29,0
BRDA:23,0,30,0
BRDA:23,0,31,0
BRDA:23,0,32,0
BRDA:23,0,33,0
BRDA:23,0,34,0
BRDA:23,0,35,0
BRDA:23,0,36,0
BRDA:23,0,37,0
BRDA:23,0,38,0
BRDA:23,0,39,0
BRDA:23,0,40,0
BRDA:23,0,41,0
BRDA:23,0,42,0
BRDA:23,0,43,0
BRDA:23,0,44,0
BRDA:23,0,45,0
BRDA:23,0,46,0
BRDA:23,0,47,0
BRDA:23,0,48,0
BRDA:23,0,49,0
BRDA:23,0,50,0
BRDA:23,0,51,0
BRDA:23,0,52,0
BRDA:23,0,53,0
BRDA:23,0,54,0
BRDA:23,0,55,0
BRDA:23,0,56,0
BRDA:23,0,57,0
BRDA:23,0,58,0
BRDA:23,0,59,0
BRDA:23,0,60,0
BRDA:23,0,61,0
BRDA:23,0,62,0
BRDA:23,0,63,0
DA:24,1
BRDA:24,0,0,1
BRDA:24,0,1,0
DA:26,9
BRDA:26,0,0,9
BRDA:26,0,1,8
DA:27,3
BRDA:27,0,0,3
BRDA:27,0,1,2
DA:32,4
BRDA:32,0,0,4
BRDA:32,0,1,4
DA:35,4
BRDA:35,0,0,4
BRDA:35,0,1,4
DA:36,4
BRDA:36,0,0,4
BRDA:36,0,1,4
DA:37,1
BRDA:37,0,0,1
BRDA:37,0,1,1
BRDA:37,0,2,0
BRDA:37,0,3,0
BRDA:37,0,4,0
BRDA:37,0,5,0
BRDA:37,0,6,0
BRDA:37,0,7,0
BRDA:37,0,8,0
BRDA:37,0,9,0
BRDA:37,0,10,0
BRDA:37,0,11,0
BRDA:37,0,12,0
BRDA:37,0,13,0
BRDA:37,0,14,0
BRDA:37,0,15,0
BRDA:37,0,16,0
BRDA:37,0,17,0
BRDA:37,0,18,0
BRDA:37,0,19,0
BRDA:37,0,20,0
BRDA:37,0,21,0
BRDA:37,0,22,0
BRDA:37,0,23,0
BRDA:37,0,24,0
BRDA:37,0,25,0
BRDA:37,0,26,0
BRDA:37,0,27,0
BRDA:37,0,28,0
BRDA:37,0,29,0
BRDA:37,0,30,0
BRDA:37,0,31,0
BRDA:37,0,32,0
BRDA:37,0,33,0
BRDA:37,0,34,0
BRDA:37,0,35,0
BRDA:37,0,36,0
BRDA:37,0,37,0
BRDA:37,0,38,0
BRDA:37,0,39,0
BRDA:37,0,40,0
BRDA:37,0,41,0
BRDA:37,0,42,0
BRDA:37,0,43,0
BRDA:37,0,44,0
BRDA:37,0,45,0
BRDA:37,0,46,0
BRDA:37,0,47,0
BRDA:37,0,48,0
BRDA:37,0,49,0
BRDA:37,0,50,0
BRDA:37,0,51,0
BRDA:37,0,52,0
BRDA:37,0,53,0
BRDA:37,0,54,0
BRDA:37,0,55,0
BRDA:37,0,56,0
BRDA:37,0,57,0
BRDA:37,0,58,0
BRDA:37,0,59,0
BRDA:37,0,60,0
BRDA:37,0,61,0
BRDA:37,0,62,0
BRDA:37,0,63,0
BRF:278
BRH:20
end_of_record
SF:../../rtl/chip_top_full.sv
DA:12,117488
BRDA:12,0,0,117488
BRDA:12,0,1,117487
DA:13,0
BRDA:13,0,0,0
BRDA:13,0,1,0
DA:14,39
BRDA:14,0,0,39
BRDA:14,0,1,38
DA:15,1095
BRDA:15,0,0,1095
BRDA:15,0,1,1095
DA:16,253
BRDA:16,0,0,253
BRDA:16,0,1,253
DA:17,253
BRDA:17,0,0,253
BRDA:17,0,1,253
DA:18,0
BRDA:18,0,0,0
BRDA:18,0,1,0
DA:19,1019
BRDA:19,0,0,1019
BRDA:19,0,1,1019
DA:20,18
BRDA:20,0,0,16
BRDA:20,0,1,16
BRDA:20,0,2,16
BRDA:20,0,3,16
BRDA:20,0,4,18
BRDA:20,0,5,17
BRDA:20,0,6,16
BRDA:20,0,7,16
BRDA:20,0,8,16
BRDA:20,0,9,16
DA:21,0
BRDA:21,0,0,0
BRDA:21,0,1,0
BRDA:21,0,2,0
BRDA:21,0,3,0
DA:22,9
BRDA:22,0,0,9
BRDA:22,0,1,8
DA:23,3
BRDA:23,0,0,3
BRDA:23,0,1,2
DA:24,21
BRDA:24,0,0,21
BRDA:24,0,1,21
DA:25,8
BRDA:25,0,0,8
BRDA:25,0,1,8
DA:26,4
BRDA:26,0,0,4
BRDA:26,0,1,3
DA:28,1019
BRDA:28,0,0,38
BRDA:28,0,1,38
BRDA:28,0,2,1019
BRDA:28,0,3,1019
DA:29,1019
BRDA:29,0,0,1019
BRDA:29,0,1,1019
BRDA:29,0,2,1019
BRDA:29,0,3,1019
BRDA:29,0,4,1019
BRDA:29,0,5,1019
BRDA:29,0,6,1019
BRDA:29,0,7,1019
BRDA:29,0,8,1019
BRDA:29,0,9,1019
BRDA:29,0,10,1019
BRDA:29,0,11,1019
BRDA:29,0,12,1019
BRDA:29,0,13,1019
BRDA:29,0,14,1019
BRDA:29,0,15,1019
DA:30,116979
BRDA:30,0,0,116979
BRDA:30,0,1,116978
DA:31,0
BRDA:31,0,0,0
BRDA:31,0,1,0
DA:39,38
BRDA:39,0,0,4
BRDA:39,0,1,3
BRDA:39,0,2,0
BRDA:39,0,3,0
BRDA:39,0,4,0
BRDA:39,0,5,0
BRDA:39,0,6,0
BRDA:39,0,7,0
BRDA:39,0,8,0
BRDA:39,0,9,0
BRDA:39,0,10,0
BRDA:39,0,11,0
BRDA:39,0,12,0
BRDA:39,0,13,0
BRDA:39,0,14,0
BRDA:39,0,15,0
BRDA:39,0,16,0
BRDA:39,0,17,0
BRDA:39,0,18,0
BRDA:39,0,19,0
BRDA:39,0,20,0
BRDA:39,0,21,0
BRDA:39,0,22,38
BRDA:39,0,23,37
BRDA:39,0,24,0
BRDA:39,0,25,0
BRDA:39,0,26,0
BRDA:39,0,27,0
BRDA:39,0,28,0
BRDA:39,0,29,0
BRDA:39,0,30,0
BRDA:39,0,31,0
BRDA:39,0,32,0
BRDA:39,0,33,0
BRDA:39,0,34,0
BRDA:39,0,35,0
BRDA:39,0,36,0
BRDA:39,0,37,0
BRDA:39,0,38,0
BRDA:39,0,39,0
BRDA:39,0,40,0
BRDA:39,0,41,0
BRDA:39,0,42,0
BRDA:39,0,43,0
BRDA:39,0,44,0
BRDA:39,0,45,0
BRDA:39,0,46,0
BRDA:39,0,47,0
BRDA:39,0,48,0
BRDA:39,0,49,0
BRDA:39,0,50,38
BRDA:39,0,51,38
BRDA:39,0,52,0
BRDA:39,0,53,0
BRDA:39,0,54,0
BRDA:39,0,55,0
BRDA:39,0,56,0
BRDA:39,0,57,0
BRDA:39,0,58,0
BRDA:39,0,59,0
BRDA:39,0,60,0
BRDA:39,0,61,0
BRDA:39,0,62,0
BRDA:39,0,63,0
DA:40,177
BRDA:40,0,0,177
BRDA:40,0,1,177
BRDA:40,0,2,0
BRDA:40,0,3,0
DA:41,1057
BRDA:41,0,0,1057
BRDA:41,0,1,1057
BRDA:41,0,2,1057
BRDA:41,0,3,1057
BRDA:41,0,4,1057
BRDA:41,0,5,1057
BRDA:41,0,6,1057
BRDA:41,0,7,1057
BRDA:41,0,8,1057
BRDA:41,0,9,1057
BRDA:41,0,10,0
BRDA:41,0,11,0
BRDA:41,0,12,0
BRDA:41,0,13,0
BRDA:41,0,14,1057
BRDA:41,0,15,1057
BRDA:41,0,16,1057
BRDA:41,0,17,1057
BRDA:41,0,18,1057
BRDA:41,0,19,1057
BRDA:41,0,20,1057
BRDA:41,0,21,1057
BRDA:41,0,22,1057
BRDA:41,0,23,1057
BRDA:41,0,24,1057
BRDA:41,0,25,1057
BRDA:41,0,26,1057
BRDA:41,0,27,1057
BRDA:41,0,28,1057
BRDA:41,0,29,1057
BRDA:41,0,30,1057
BRDA:41,0,31,1057
DA:42,1057
BRDA:42,0,0,1019
BRDA:42,0,1,1019
BRDA:42,0,2,1019
BRDA:42,0,3,1019
BRDA:42,0,4,1019
BRDA:42,0,5,1019
BRDA:42,0,6,1019
BRDA:42,0,7,1019
BRDA:42,0,8,1019
BRDA:42,0,9,1019
BRDA:42,0,10,1019
BRDA:42,0,11,1019
BRDA:42,0,12,1019
BRDA:42,0,13,1019
BRDA:42,0,14,1057
BRDA:42,0,15,1056
BRDA:42,0,16,1057
BRDA:42,0,17,1057
BRDA:42,0,18,1057
BRDA:42,0,19,1057
BRDA:42,0,20,1057
BRDA:42,0,21,1057
BRDA:42,0,22,1019
BRDA:42,0,23,1019
BRDA:42,0,24,1057
BRDA:42,0,25,1057
BRDA:42,0,26,1057
BRDA:42,0,27,1057
BRDA:42,0,28,1057
BRDA:42,0,29,1057
BRDA:42,0,30,1057
BRDA:42,0,31,1057
BRDA:42,0,32,1057
BRDA:42,0,33,1057
BRDA:42,0,34,1057
BRDA:42,0,35,1057
BRDA:42,0,36,1057
BRDA:42,0,37,1057
BRDA:42,0,38,1057
BRDA:42,0,39,1057
BRDA:42,0,40,1057
BRDA:42,0,41,1057
BRDA:42,0,42,1057
BRDA:42,0,43,1057
BRDA:42,0,44,1019
BRDA:42,0,45,1019
BRDA:42,0,46,1057
BRDA:42,0,47,1057
BRDA:42,0,48,1057
BRDA:42,0,49,1057
BRDA:42,0,50,1019
BRDA:42,0,51,1019
BRDA:42,0,52,1019
BRDA:42,0,53,1019
BRDA:42,0,54,1019
BRDA:42,0,55,1019
BRDA:42,0,56,1019
BRDA:42,0,57,1019
BRDA:42,0,58,1019
BRDA:42,0,59,1019
BRDA:42,0,60,1019
BRDA:42,0,61,1019
BRDA:42,0,62,1019
BRDA:42,0,63,1019
BRDA:42,0,64,0
BRDA:42,0,65,0
BRDA:42,0,66,0
BRDA:42,0,67,0
BRDA:42,0,68,0
BRDA:42,0,69,0
BRDA:42,0,70,0
BRDA:42,0,71,0
BRDA:42,0,72,0
BRDA:42,0,73,0
BRDA:42,0,74,0
BRDA:42,0,75,0
BRDA:42,0,76,0
BRDA:42,0,77,0
BRDA:42,0,78,0
BRDA:42,0,79,0
BRDA:42,0,80,0
BRDA:42,0,81,0
BRDA:42,0,82,0
BRDA:42,0,83,0
BRDA:42,0,84,0
BRDA:42,0,85,0
BRDA:42,0,86,0
BRDA:42,0,87,0
BRDA:42,0,88,0
BRDA:42,0,89,0
BRDA:42,0,90,0
BRDA:42,0,91,0
BRDA:42,0,92,0
BRDA:42,0,93,0
BRDA:42,0,94,0
BRDA:42,0,95,0
BRDA:42,0,96,0
BRDA:42,0,97,0
BRDA:42,0,98,0
BRDA:42,0,99,0
BRDA:42,0,100,0
BRDA:42,0,101,0
BRDA:42,0,102,0
BRDA:42,0,103,0
BRDA:42,0,104,0
BRDA:42,0,105,0
BRDA:42,0,106,0
BRDA:42,0,107,0
BRDA:42,0,108,0
BRDA:42,0,109,0
BRDA:42,0,110,0
BRDA:42,0,111,0
BRDA:42,0,112,0
BRDA:42,0,113,0
BRDA:42,0,114,0
BRDA:42,0,115,0
BRDA:42,0,116,0
BRDA:42,0,117,0
BRDA:42,0,118,0
BRDA:42,0,119,0
BRDA:42,0,120,0
BRDA:42,0,121,0
BRDA:42,0,122,0
BRDA:42,0,123,0
BRDA:42,0,124,0
BRDA:42,0,125,0
BRDA:42,0,126,0
BRDA:42,0,127,0
DA:43,1057
BRDA:43,0,0,38
BRDA:43,0,1,38
BRDA:43,0,2,1057
BRDA:43,0,3,1056
BRDA:43,0,4,1057
BRDA:43,0,5,1057
BRDA:43,0,6,1019
BRDA:43,0,7,1019
BRDA:43,0,8,1019
BRDA:43,0,9,1019
BRDA:43,0,10,1019
BRDA:43,0,11,1019
BRDA:43,0,12,1019
BRDA:43,0,13,1019
BRDA:43,0,14,1019
BRDA:43,0,15,1019
BRDA:43,0,16,1019
BRDA:43,0,17,1019
BRDA:43,0,18,1019
BRDA:43,0,19,1019
BRDA:43,0,20,1019
BRDA:43,0,21,1019
BRDA:43,0,22,1019
BRDA:43,0,23,1019
BRDA:43,0,24,1019
BRDA:43,0,25,1019
BRDA:43,0,26,1019
BRDA:43,0,27,1019
BRDA:43,0,28,1019
BRDA:43,0,29,1019
BRDA:43,0,30,1019
BRDA:43,0,31,1019
BRDA:43,0,32,1019
BRDA:43,0,33,1019
BRDA:43,0,34,1019
BRDA:43,0,35,1019
BRDA:43,0,36,1019
BRDA:43,0,37,1019
DA:55,103918
BRDA:55,0,0,103918
BRDA:55,0,1,103917
BRDA:55,0,2,38
BRDA:55,0,3,38
DA:56,38
BRDA:56,0,0,38
BRDA:56,0,1,37
BRDA:56,0,2,0
BRDA:56,0,3,0
DA:63,9483
BRDA:63,0,0,9448
BRDA:63,0,1,9447
BRDA:63,0,2,9483
BRDA:63,0,3,9483
BRDA:63,0,4,9447
BRDA:63,0,5,9447
DA:64,309
BRDA:64,0,0,0
BRDA:64,0,1,0
BRDA:64,0,2,1
BRDA:64,0,3,1
BRDA:64,0,4,1
BRDA:64,0,5,1
BRDA:64,0,6,1
BRDA:64,0,7,1
BRDA:64,0,8,1
BRDA:64,0,9,1
BRDA:64,0,10,1
BRDA:64,0,11,1
BRDA:64,0,12,1
BRDA:64,0,13,1
BRDA:64,0,14,36
BRDA:64,0,15,36
BRDA:64,0,16,6
BRDA:64,0,17,6
BRDA:64,0,18,1
BRDA:64,0,19,1
BRDA:64,0,20,1
BRDA:64,0,21,1
BRDA:64,0,22,0
BRDA:64,0,23,0
BRDA:64,0,24,1
BRDA:64,0,25,1
BRDA:64,0,26,1
BRDA:64,0,27,1
BRDA:64,0,28,1
BRDA:64,0,29,1
BRDA:64,0,30,1
BRDA:64,0,31,1
BRDA:64,0,32,1
BRDA:64,0,33,1
BRDA:64,0,34,1
BRDA:64,0,35,1
BRDA:64,0,36,1
BRDA:64,0,37,1
BRDA:64,0,38,1
BRDA:64,0,39,1
BRDA:64,0,40,1
BRDA:64,0,41,1
BRDA:64,0,42,1
BRDA:64,0,43,1
BRDA:64,0,44,309
BRDA:64,0,45,309
BRDA:64,0,46,1
BRDA:64,0,47,1
BRDA:64,0,48,1
BRDA:64,0,49,1
BRDA:64,0,50,271
BRDA:64,0,51,270
BRDA:64,0,52,6
BRDA:64,0,53,6
BRDA:64,0,54,10
BRDA:64,0,55,10
BRDA:64,0,56,3
BRDA:64,0,57,2
BRDA:64,0,58,2
BRDA:64,0,59,2
BRDA:64,0,60,1
BRDA:64,0,61,1
BRDA:64,0,62,1
BRDA:64,0,63,1
BRDA:64,0,64,38
BRDA:64,0,65,37
BRDA:64,0,66,38
BRDA:64,0,67,38
BRDA:64,0,68,0
BRDA:64,0,69,0
BRDA:64,0,70,195
BRDA:64,0,71,195
BRDA:64,0,72,231
BRDA:64,0,73,231
BRDA:64,0,74,196
BRDA:64,0,75,196
BRDA:64,0,76,200
BRDA:64,0,77,200
BRDA:64,0,78,266
BRDA:64,0,79,266
BRDA:64,0,80,200
BRDA:64,0,81,200
BRDA:64,0,82,234
BRDA:64,0,83,234
BRDA:64,0,84,195
BRDA:64,0,85,195
BRDA:64,0,86,38
BRDA:64,0,87,37
BRDA:64,0,88,237
BRDA:64,0,89,237
BRDA:64,0,90,23
BRDA:64,0,91,23
BRDA:64,0,92,220
BRDA:64,0,93,220
BRDA:64,0,94,219
BRDA:64,0,95,219
BRDA:64,0,96,217
BRDA:64,0,97,217
BRDA:64,0,98,200
BRDA:64,0,99,200
BRDA:64,0,100,199
BRDA:64,0,101,199
BRDA:64,0,102,202
BRDA:64,0,103,202
BRDA:64,0,104,195
BRDA:64,0,105,195
BRDA:64,0,106,195
BRDA:64,0,107,195
BRDA:64,0,108,265
BRDA:64,0,109,264
BRDA:64,0,110,195
BRDA:64,0,111,195
BRDA:64,0,112,195
BRDA:64,0,113,195
BRDA:64,0,114,262
BRDA:64,0,115,261
BRDA:64,0,116,238
BRDA:64,0,117,238
BRDA:64,0,118,271
BRDA:64,0,119,270
BRDA:64,0,120,262
BRDA:64,0,121,261
BRDA:64,0,122,43
BRDA:64,0,123,43
BRDA:64,0,124,41
BRDA:64,0,125,41
BRDA:64,0,126,7
BRDA:64,0,127,7
DA:65,55
BRDA:65,0,0,46
BRDA:65,0,1,46
BRDA:65,0,2,55
BRDA:65,0,3,55
BRDA:65,0,4,55
BRDA:65,0,5,55
BRDA:65,0,6,41
BRDA:65,0,7,41
DA:66,38
BRDA:66,0,0,38
BRDA:66,0,1,38
BRDA:66,0,2,38
BRDA:66,0,3,38
BRDA:66,0,4,38
BRDA:66,0,5,38
BRDA:66,0,6,38
BRDA:66,0,7,38
DA:67,309
BRDA:67,0,0,0
BRDA:67,0,1,0
BRDA:67,0,2,1
BRDA:67,0,3,1
BRDA:67,0,4,1
BRDA:67,0,5,1
BRDA:67,0,6,1
BRDA:67,0,7,1
BRDA:67,0,8,1
BRDA:67,0,9,1
BRDA:67,0,10,1
BRDA:67,0,11,1
BRDA:67,0,12,1
BRDA:67,0,13,1
BRDA:67,0,14,36
BRDA:67,0,15,36
BRDA:67,0,16,6
BRDA:67,0,17,6
BRDA:67,0,18,1
BRDA:67,0,19,1
BRDA:67,0,20,1
BRDA:67,0,21,1
BRDA:67,0,22,0
BRDA:67,0,23,0
BRDA:67,0,24,1
BRDA:67,0,25,1
BRDA:67,0,26,1
BRDA:67,0,27,1
BRDA:67,0,28,1
BRDA:67,0,29,1
BRDA:67,0,30,1
BRDA:67,0,31,1
BRDA:67,0,32,1
BRDA:67,0,33,1
BRDA:67,0,34,1
BRDA:67,0,35,1
BRDA:67,0,36,1
BRDA:67,0,37,1
BRDA:67,0,38,1
BRDA:67,0,39,1
BRDA:67,0,40,1
BRDA:67,0,41,1
BRDA:67,0,42,1
BRDA:67,0,43,1
BRDA:67,0,44,309
BRDA:67,0,45,309
BRDA:67,0,46,1
BRDA:67,0,47,1
BRDA:67,0,48,1
BRDA:67,0,49,1
BRDA:67,0,50,271
BRDA:67,0,51,270
BRDA:67,0,52,6
BRDA:67,0,53,6
BRDA:67,0,54,10
BRDA:67,0,55,10
BRDA:67,0,56,3
BRDA:67,0,57,2
BRDA:67,0,58,2
BRDA:67,0,59,2
BRDA:67,0,60,1
BRDA:67,0,61,1
BRDA:67,0,62,1
BRDA:67,0,63,1
BRDA:67,0,64,17
BRDA:67,0,65,17
BRDA:67,0,66,1
BRDA:67,0,67,1
BRDA:67,0,68,0
BRDA:67,0,69,0
BRDA:67,0,70,2
BRDA:67,0,71,2
BRDA:67,0,72,1
BRDA:67,0,73,1
BRDA:67,0,74,1
BRDA:67,0,75,1
BRDA:67,0,76,1
BRDA:67,0,77,1
BRDA:67,0,78,2
BRDA:67,0,79,2
BRDA:67,0,80,1
BRDA:67,0,81,1
BRDA:67,0,82,1
BRDA:67,0,83,1
BRDA:67,0,84,0
BRDA:67,0,85,0
BRDA:67,0,86,10
BRDA:67,0,87,10
BRDA:67,0,88,2
BRDA:67,0,89,2
BRDA:67,0,90,1
BRDA:67,0,91,1
BRDA:67,0,92,1
BRDA:67,0,93,1
BRDA:67,0,94,1
BRDA:67,0,95,1
BRDA:67,0,96,2
BRDA:67,0,97,2
BRDA:67,0,98,1
BRDA:67,0,99,1
BRDA:67,0,100,1
BRDA:67,0,101,1
BRDA:67,0,102,0
BRDA:67,0,103,0
BRDA:67,0,104,2
BRDA:67,0,105,2
BRDA:67,0,106,1
BRDA:67,0,107,1
BRDA:67,0,108,7
BRDA:67,0,109,6
BRDA:67,0,110,1
BRDA:67,0,111,1
BRDA:67,0,112,1
BRDA:67,0,113,1
BRDA:67,0,114,2
BRDA:67,0,115,2
BRDA:67,0,116,4
BRDA:67,0,117,4
BRDA:67,0,118,4
BRDA:67,0,119,4
BRDA:67,0,120,3
BRDA:67,0,121,3
BRDA:67,0,122,4
BRDA:67,0,123,4
BRDA:67,0,124,2
BRDA:67,0,125,2
BRDA:67,0,126,1
BRDA:67,0,127,1
BRDA:67,0,128,6
BRDA:67,0,129,5
BRDA:67,0,130,0
BRDA:67,0,131,0
BRDA:67,0,132,0
BRDA:67,0,133,0
BRDA:67,0,134,2
BRDA:67,0,135,1
BRDA:67,0,136,2
BRDA:67,0,137,1
BRDA:67,0,138,0
BRDA:67,0,139,0
BRDA:67,0,140,2
BRDA:67,0,141,1
BRDA:67,0,142,2
BRDA:67,0,143,1
BRDA:67,0,144,2
BRDA:67,0,145,1
BRDA:67,0,146,0
BRDA:67,0,147,0
BRDA:67,0,148,0
BRDA:67,0,149,0
BRDA:67,0,150,0
BRDA:67,0,151,0
BRDA:67,0,152,0
BRDA:67,0,153,0
BRDA:67,0,154,0
BRDA:67,0,155,0
BRDA:67,0,156,2
BRDA:67,0,157,1
BRDA:67,0,158,2
BRDA:67,0,159,1
BRDA:67,0,160,0
BRDA:67,0,161,0
BRDA:67,0,162,0
BRDA:67,0,163,0
BRDA:67,0,164,2
BRDA:67,0,165,1
BRDA:67,0,166,0
BRDA:67,0,167,0
BRDA:67,0,168,2
BRDA:67,0,169,1
BRDA:67,0,170,0
BRDA:67,0,171,0
BRDA:67,0,172,16
BRDA:67,0,173,16
BRDA:67,0,174,2
BRDA:67,0,175,1
BRDA:67,0,176,2
BRDA:67,0,177,1
BRDA:67,0,178,16
BRDA:67,0,179,16
BRDA:67,0,180,18
BRDA:67,0,181,18
BRDA:67,0,182,18
BRDA:67,0,183,17
BRDA:67,0,184,16
BRDA:67,0,185,16
BRDA:67,0,186,2
BRDA:67,0,187,1
BRDA:67,0,188,0
BRDA:67,0,189,0
BRDA:67,0,190,2
BRDA:67,0,191,1
DA:72,38
BRDA:72,0,0,38
BRDA:72,0,1,37
DA:73,38
BRDA:73,0,0,38
BRDA:73,0,1,37
BRDA:73,0,2,38
BRDA:73,0,3,37
DA:74,103956
DA:75,103918
BRDA:75,0,0,103918
BRDA:75,0,1,38
BRDA:75,0,2,103918
BRDA:75,0,3,38
DA:76,103918
DA:80,9529
BRDA:80,0,0,9529
BRDA:80,0,1,9528
BRDA:80,0,2,47
BRDA:80,0,3,46
BRDA:80,0,4,9493
BRDA:80,0,5,9493
DA:81,309
BRDA:81,0,0,0
BRDA:81,0,1,0
BRDA:81,0,2,1
BRDA:81,0,3,1
BRDA:81,0,4,1
BRDA:81,0,5,1
BRDA:81,0,6,1
BRDA:81,0,7,1
BRDA:81,0,8,1
BRDA:81,0,9,1
BRDA:81,0,10,1
BRDA:81,0,11,1
BRDA:81,0,12,1
BRDA:81,0,13,1
BRDA:81,0,14,36
BRDA:81,0,15,36
BRDA:81,0,16,6
BRDA:81,0,17,6
BRDA:81,0,18,1
BRDA:81,0,19,1
BRDA:81,0,20,1
BRDA:81,0,21,1
BRDA:81,0,22,0
BRDA:81,0,23,0
BRDA:81,0,24,1
BRDA:81,0,25,1
BRDA:81,0,26,1
BRDA:81,0,27,1
BRDA:81,0,28,1
BRDA:81,0,29,1
BRDA:81,0,30,1
BRDA:81,0,31,1
BRDA:81,0,32,1
BRDA:81,0,33,1
BRDA:81,0,34,1
BRDA:81,0,35,1
BRDA:81,0,36,1
BRDA:81,0,37,1
BRDA:81,0,38,1
BRDA:81,0,39,1
BRDA:81,0,40,1
BRDA:81,0,41,1
BRDA:81,0,42,1
BRDA:81,0,43,1
BRDA:81,0,44,309
BRDA:81,0,45,309
BRDA:81,0,46,1
BRDA:81,0,47,1
BRDA:81,0,48,1
BRDA:81,0,49,1
BRDA:81,0,50,271
BRDA:81,0,51,270
BRDA:81,0,52,6
BRDA:81,0,53,6
BRDA:81,0,54,10
BRDA:81,0,55,10
BRDA:81,0,56,3
BRDA:81,0,57,2
BRDA:81,0,58,2
BRDA:81,0,59,2
BRDA:81,0,60,1
BRDA:81,0,61,1
BRDA:81,0,62,1
BRDA:81,0,63,1
BRDA:81,0,64,17
BRDA:81,0,65,17
BRDA:81,0,66,1
BRDA:81,0,67,1
BRDA:81,0,68,0
BRDA:81,0,69,0
BRDA:81,0,70,2
BRDA:81,0,71,2
BRDA:81,0,72,1
BRDA:81,0,73,1
BRDA:81,0,74,1
BRDA:81,0,75,1
BRDA:81,0,76,1
BRDA:81,0,77,1
BRDA:81,0,78,2
BRDA:81,0,79,2
BRDA:81,0,80,1
BRDA:81,0,81,1
BRDA:81,0,82,1
BRDA:81,0,83,1
BRDA:81,0,84,0
BRDA:81,0,85,0
BRDA:81,0,86,10
BRDA:81,0,87,10
BRDA:81,0,88,2
BRDA:81,0,89,2
BRDA:81,0,90,1
BRDA:81,0,91,1
BRDA:81,0,92,1
BRDA:81,0,93,1
BRDA:81,0,94,1
BRDA:81,0,95,1
BRDA:81,0,96,2
BRDA:81,0,97,2
BRDA:81,0,98,1
BRDA:81,0,99,1
BRDA:81,0,100,1
BRDA:81,0,101,1
BRDA:81,0,102,0
BRDA:81,0,103,0
BRDA:81,0,104,2
BRDA:81,0,105,2
BRDA:81,0,106,1
BRDA:81,0,107,1
BRDA:81,0,108,7
BRDA:81,0,109,6
BRDA:81,0,110,1
BRDA:81,0,111,1
BRDA:81,0,112,1
BRDA:81,0,113,1
BRDA:81,0,114,2
BRDA:81,0,115,2
BRDA:81,0,116,4
BRDA:81,0,117,4
BRDA:81,0,118,4
BRDA:81,0,119,4
BRDA:81,0,120,3
BRDA:81,0,121,3
BRDA:81,0,122,4
BRDA:81,0,123,4
BRDA:81,0,124,2
BRDA:81,0,125,2
BRDA:81,0,126,1
BRDA:81,0,127,1
BRDA:81,0,128,80
BRDA:81,0,129,79
BRDA:81,0,130,46
BRDA:81,0,131,46
BRDA:81,0,132,0
BRDA:81,0,133,0
BRDA:81,0,134,199
BRDA:81,0,135,199
BRDA:81,0,136,237
BRDA:81,0,137,237
BRDA:81,0,138,201
BRDA:81,0,139,201
BRDA:81,0,140,202
BRDA:81,0,141,202
BRDA:81,0,142,269
BRDA:81,0,143,269
BRDA:81,0,144,205
BRDA:81,0,145,205
BRDA:81,0,146,241
BRDA:81,0,147,241
BRDA:81,0,148,195
BRDA:81,0,149,195
BRDA:81,0,150,83
BRDA:81,0,151,82
BRDA:81,0,152,240
BRDA:81,0,153,240
BRDA:81,0,154,27
BRDA:81,0,155,27
BRDA:81,0,156,224
BRDA:81,0,157,224
BRDA:81,0,158,220
BRDA:81,0,159,220
BRDA:81,0,160,219
BRDA:81,0,161,219
BRDA:81,0,162,201
BRDA:81,0,163,201
BRDA:81,0,164,205
BRDA:81,0,165,205
BRDA:81,0,166,205
BRDA:81,0,167,205
BRDA:81,0,168,199
BRDA:81,0,169,199
BRDA:81,0,170,195
BRDA:81,0,171,195
BRDA:81,0,172,300
BRDA:81,0,173,299
BRDA:81,0,174,199
BRDA:81,0,175,199
BRDA:81,0,176,199
BRDA:81,0,177,199
BRDA:81,0,178,296
BRDA:81,0,179,295
BRDA:81,0,180,263
BRDA:81,0,181,263
BRDA:81,0,182,308
BRDA:81,0,183,307
BRDA:81,0,184,296
BRDA:81,0,185,295
BRDA:81,0,186,48
BRDA:81,0,187,48
BRDA:81,0,188,48
BRDA:81,0,189,48
BRDA:81,0,190,11
BRDA:81,0,191,11
DA:82,38
BRDA:82,0,0,38
BRDA:82,0,1,38
BRDA:82,0,2,38
BRDA:82,0,3,38
BRDA:82,0,4,38
BRDA:82,0,5,38
BRDA:82,0,6,38
BRDA:82,0,7,38
DA:83,2
BRDA:83,0,0,2
BRDA:83,0,1,2
DA:95,4
BRDA:95,0,0,4
BRDA:95,0,1,4
BRDA:95,0,2,4
BRDA:95,0,3,4
BRDA:95,0,4,4
BRDA:95,0,5,3
DA:96,117017
DA:97,116979
BRDA:97,0,0,116979
BRDA:97,0,1,38
BRDA:97,0,2,116979
BRDA:97,0,3,38
DA:98,38
DA:99,116979
DA:100,116979
DA:101,116979
DA:102,106644
BRDA:102,0,0,10335
BRDA:102,0,1,106644
DA:121,1
BRDA:121,0,0,1
BRDA:121,0,1,1
BRDA:121,0,2,0
BRDA:121,0,3,0
BRDA:121,0,4,0
BRDA:121,0,5,0
BRDA:121,0,6,0
BRDA:121,0,7,0
DA:122,266
BRDA:122,0,0,2
BRDA:122,0,1,1
BRDA:122,0,2,38
BRDA:122,0,3,38
BRDA:122,0,4,0
BRDA:122,0,5,0
BRDA:122,0,6,195
BRDA:122,0,7,195
BRDA:122,0,8,231
BRDA:122,0,9,231
BRDA:122,0,10,196
BRDA:122,0,11,196
BRDA:122,0,12,200
BRDA:122,0,13,200
BRDA:122,0,14,266
BRDA:122,0,15,266
BRDA:122,0,16,200
BRDA:122,0,17,200
BRDA:122,0,18,234
BRDA:122,0,19,234
BRDA:122,0,20,195
BRDA:122,0,21,195
BRDA:122,0,22,2
BRDA:122,0,23,1
BRDA:122,0,24,237
BRDA:122,0,25,237
BRDA:122,0,26,23
BRDA:122,0,27,23
BRDA:122,0,28,220
BRDA:122,0,29,220
BRDA:122,0,30,219
BRDA:122,0,31,219
BRDA:122,0,32,216
BRDA:122,0,33,216
BRDA:122,0,34,200
BRDA:122,0,35,200
BRDA:122,0,36,199
BRDA:122,0,37,199
BRDA:122,0,38,202
BRDA:122,0,39,202
BRDA:122,0,40,195
BRDA:122,0,41,195
BRDA:122,0,42,195
BRDA:122,0,43,195
BRDA:122,0,44,233
BRDA:122,0,45,232
BRDA:122,0,46,195
BRDA:122,0,47,195
BRDA:122,0,48,195
BRDA:122,0,49,195
BRDA:122,0,50,230
BRDA:122,0,51,229
BRDA:122,0,52,237
BRDA:122,0,53,237
BRDA:122,0,54,239
BRDA:122,0,55,238
BRDA:122,0,56,230
BRDA:122,0,57,229
BRDA:122,0,58,43
BRDA:122,0,59,43
BRDA:122,0,60,40
BRDA:122,0,61,40
BRDA:122,0,62,7
BRDA:122,0,63,7
BRDA:122,0,64,6
BRDA:122,0,65,6
BRDA:122,0,66,0
BRDA:122,0,67,0
BRDA:122,0,68,0
BRDA:122,0,69,0
BRDA:122,0,70,0
BRDA:122,0,71,0
BRDA:122,0,72,0
BRDA:122,0,73,0
BRDA:122,0,74,0
BRDA:122,0,75,0
BRDA:122,0,76,0
BRDA:122,0,77,0
BRDA:122,0,78,35
BRDA:122,0,79,34
BRDA:122,0,80,4
BRDA:122,0,81,4
BRDA:122,0,82,0
BRDA:122,0,83,0
BRDA:122,0,84,0
BRDA:122,0,85,0
BRDA:122,0,86,4
BRDA:122,0,87,4
BRDA:122,0,88,0
BRDA:122,0,89,0
BRDA:122,0,90,0
BRDA:122,0,91,0
BRDA:122,0,92,0
BRDA:122,0,93,0
BRDA:122,0,94,0
BRDA:122,0,95,0
BRDA:122,0,96,0
BRDA:122,0,97,0
BRDA:122,0,98,0
BRDA:122,0,99,0
BRDA:122,0,100,0
BRDA:122,0,101,0
BRDA:122,0,102,0
BRDA:122,0,103,0
BRDA:122,0,104,0
BRDA:122,0,105,0
BRDA:122,0,106,0
BRDA:122,0,107,0
BRDA:122,0,108,2
BRDA:122,0,109,2
BRDA:122,0,110,0
BRDA:122,0,111,0
BRDA:122,0,112,0
BRDA:122,0,113,0
BRDA:122,0,114,0
BRDA:122,0,115,0
BRDA:122,0,116,5
BRDA:122,0,117,5
BRDA:122,0,118,2
BRDA:122,0,119,2
BRDA:122,0,120,1
BRDA:122,0,121,1
BRDA:122,0,122,3
BRDA:122,0,123,3
BRDA:122,0,124,0
BRDA:122,0,125,0
BRDA:122,0,126,1
BRDA:122,0,127,1
BRDA:122,0,128,22
BRDA:122,0,129,22
BRDA:122,0,130,0
BRDA:122,0,131,0
BRDA:122,0,132,0
BRDA:122,0,133,0
BRDA:122,0,134,0
BRDA:122,0,135,0
BRDA:122,0,136,0
BRDA:122,0,137,0
BRDA:122,0,138,0
BRDA:122,0,139,0
BRDA:122,0,140,0
BRDA:122,0,141,0
BRDA:122,0,142,34
BRDA:122,0,143,34
BRDA:122,0,144,3
BRDA:122,0,145,3
BRDA:122,0,146,0
BRDA:122,0,147,0
BRDA:122,0,148,0
BRDA:122,0,149,0
BRDA:122,0,150,21
BRDA:122,0,151,21
BRDA:122,0,152,0
BRDA:122,0,153,0
BRDA:122,0,154,0
BRDA:122,0,155,0
BRDA:122,0,156,0
BRDA:122,0,157,0
BRDA:122,0,158,0
BRDA:122,0,159,0
BRDA:122,0,160,0
BRDA:122,0,161,0
BRDA:122,0,162,0
BRDA:122,0,163,0
BRDA:122,0,164,0
BRDA:122,0,165,0
BRDA:122,0,166,0
BRDA:122,0,167,0
BRDA:122,0,168,0
BRDA:122,0,169,0
BRDA:122,0,170,0
BRDA:122,0,171,0
BRDA:122,0,172,24
BRDA:122,0,173,23
BRDA:122,0,174,0
BRDA:122,0,175,0
BRDA:122,0,176,0
BRDA:122,0,177,0
BRDA:122,0,178,16
BRDA:122,0,179,16
BRDA:122,0,180,24
BRDA:122,0,181,24
BRDA:122,0,182,6
BRDA:122,0,183,6
BRDA:122,0,184,6
BRDA:122,0,185,6
BRDA:122,0,186,8
BRDA:122,0,187,8
BRDA:122,0,188,0
BRDA:122,0,189,0
BRDA:122,0,190,0
BRDA:122,0,191,0
BRDA:122,0,192,0
BRDA:122,0,193,0
BRDA:122,0,194,0
BRDA:122,0,195,0
BRDA:122,0,196,0
BRDA:122,0,197,0
BRDA:122,0,198,0
BRDA:122,0,199,0
BRDA:122,0,200,0
BRDA:122,0,201,0
BRDA:122,0,202,0
BRDA:122,0,203,0
BRDA:122,0,204,0
BRDA:122,0,205,0
BRDA:122,0,206,0
BRDA:122,0,207,0
BRDA:122,0,208,0
BRDA:122,0,209,0
BRDA:122,0,210,0
BRDA:122,0,211,0
BRDA:122,0,212,0
BRDA:122,0,213,0
BRDA:122,0,214,0
BRDA:122,0,215,0
BRDA:122,0,216,0
BRDA:122,0,217,0
BRDA:122,0,218,0
BRDA:122,0,219,0
BRDA:122,0,220,0
BRDA:122,0,221,0
BRDA:122,0,222,0
BRDA:122,0,223,0
BRDA:122,0,224,0
BRDA:122,0,225,0
BRDA:122,0,226,0
BRDA:122,0,227,0
BRDA:122,0,228,0
BRDA:122,0,229,0
BRDA:122,0,230,0
BRDA:122,0,231,0
BRDA:122,0,232,0
BRDA:122,0,233,0
BRDA:122,0,234,0
BRDA:122,0,235,0
BRDA:122,0,236,0
BRDA:122,0,237,0
BRDA:122,0,238,0
BRDA:122,0,239,0
BRDA:122,0,240,0
BRDA:122,0,241,0
BRDA:122,0,242,0
BRDA:122,0,243,0
BRDA:122,0,244,0
BRDA:122,0,245,0
BRDA:122,0,246,0
BRDA:122,0,247,0
BRDA:122,0,248,0
BRDA:122,0,249,0
BRDA:122,0,250,0
BRDA:122,0,251,0
BRDA:122,0,252,0
BRDA:122,0,253,0
BRDA:122,0,254,0
BRDA:122,0,255,0
DA:173,309
BRDA:173,0,0,0
BRDA:173,0,1,0
BRDA:173,0,2,1
BRDA:173,0,3,1
BRDA:173,0,4,1
BRDA:173,0,5,1
BRDA:173,0,6,1
BRDA:173,0,7,1
BRDA:173,0,8,1
BRDA:173,0,9,1
BRDA:173,0,10,1
BRDA:173,0,11,1
BRDA:173,0,12,1
BRDA:173,0,13,1
BRDA:173,0,14,36
BRDA:173,0,15,36
BRDA:173,0,16,6
BRDA:173,0,17,6
BRDA:173,0,18,1
BRDA:173,0,19,1
BRDA:173,0,20,1
BRDA:173,0,21,1
BRDA:173,0,22,0
BRDA:173,0,23,0
BRDA:173,0,24,1
BRDA:173,0,25,1
BRDA:173,0,26,1
BRDA:173,0,27,1
BRDA:173,0,28,1
BRDA:173,0,29,1
BRDA:173,0,30,1
BRDA:173,0,31,1
BRDA:173,0,32,1
BRDA:173,0,33,1
BRDA:173,0,34,1
BRDA:173,0,35,1
BRDA:173,0,36,1
BRDA:173,0,37,1
BRDA:173,0,38,1
BRDA:173,0,39,1
BRDA:173,0,40,1
BRDA:173,0,41,1
BRDA:173,0,42,1
BRDA:173,0,43,1
BRDA:173,0,44,309
BRDA:173,0,45,309
BRDA:173,0,46,1
BRDA:173,0,47,1
BRDA:173,0,48,1
BRDA:173,0,49,1
BRDA:173,0,50,271
BRDA:173,0,51,270
BRDA:173,0,52,6
BRDA:173,0,53,6
BRDA:173,0,54,10
BRDA:173,0,55,10
BRDA:173,0,56,3
BRDA:173,0,57,2
BRDA:173,0,58,2
BRDA:173,0,59,2
BRDA:173,0,60,1
BRDA:173,0,61,1
BRDA:173,0,62,1
BRDA:173,0,63,1
BRDA:173,0,64,17
BRDA:173,0,65,17
BRDA:173,0,66,1
BRDA:173,0,67,1
BRDA:173,0,68,0
BRDA:173,0,69,0
BRDA:173,0,70,2
BRDA:173,0,71,2
BRDA:173,0,72,1
BRDA:173,0,73,1
BRDA:173,0,74,1
BRDA:173,0,75,1
BRDA:173,0,76,1
BRDA:173,0,77,1
BRDA:173,0,78,2
BRDA:173,0,79,2
BRDA:173,0,80,1
BRDA:173,0,81,1
BRDA:173,0,82,1
BRDA:173,0,83,1
BRDA:173,0,84,0
BRDA:173,0,85,0
BRDA:173,0,86,10
BRDA:173,0,87,10
BRDA:173,0,88,2
BRDA:173,0,89,2
BRDA:173,0,90,1
BRDA:173,0,91,1
BRDA:173,0,92,1
BRDA:173,0,93,1
BRDA:173,0,94,1
BRDA:173,0,95,1
BRDA:173,0,96,2
BRDA:173,0,97,2
BRDA:173,0,98,1
BRDA:173,0,99,1
BRDA:173,0,100,1
BRDA:173,0,101,1
BRDA:173,0,102,0
BRDA:173,0,103,0
BRDA:173,0,104,2
BRDA:173,0,105,2
BRDA:173,0,106,1
BRDA:173,0,107,1
BRDA:173,0,108,7
BRDA:173,0,109,6
BRDA:173,0,110,1
BRDA:173,0,111,1
BRDA:173,0,112,1
BRDA:173,0,113,1
BRDA:173,0,114,2
BRDA:173,0,115,2
BRDA:173,0,116,4
BRDA:173,0,117,4
BRDA:173,0,118,4
BRDA:173,0,119,4
BRDA:173,0,120,3
BRDA:173,0,121,3
BRDA:173,0,122,4
BRDA:173,0,123,4
BRDA:173,0,124,2
BRDA:173,0,125,2
BRDA:173,0,126,1
BRDA:173,0,127,1
BRDA:173,0,128,6
BRDA:173,0,129,5
BRDA:173,0,130,0
BRDA:173,0,131,0
BRDA:173,0,132,0
BRDA:173,0,133,0
BRDA:173,0,134,2
BRDA:173,0,135,1
BRDA:173,0,136,2
BRDA:173,0,137,1
BRDA:173,0,138,0
BRDA:173,0,139,0
BRDA:173,0,140,2
BRDA:173,0,141,1
BRDA:173,0,142,2
BRDA:173,0,143,1
BRDA:173,0,144,2
BRDA:173,0,145,1
BRDA:173,0,146,0
BRDA:173,0,147,0
BRDA:173,0,148,0
BRDA:173,0,149,0
BRDA:173,0,150,0
BRDA:173,0,151,0
BRDA:173,0,152,0
BRDA:173,0,153,0
BRDA:173,0,154,0
BRDA:173,0,155,0
BRDA:173,0,156,2
BRDA:173,0,157,1
BRDA:173,0,158,2
BRDA:173,0,159,1
BRDA:173,0,160,0
BRDA:173,0,161,0
BRDA:173,0,162,0
BRDA:173,0,163,0
BRDA:173,0,164,2
BRDA:173,0,165,1
BRDA:173,0,166,0
BRDA:173,0,167,0
BRDA:173,0,168,2
BRDA:173,0,169,1
BRDA:173,0,170,0
BRDA:173,0,171,0
BRDA:173,0,172,16
BRDA:173,0,173,16
BRDA:173,0,174,2
BRDA:173,0,175,1
BRDA:173,0,176,2
BRDA:173,0,177,1
BRDA:173,0,178,16
BRDA:173,0,179,16
BRDA:173,0,180,18
BRDA:173,0,181,18
BRDA:173,0,182,18
BRDA:173,0,183,17
BRDA:173,0,184,16
BRDA:173,0,185,16
BRDA:173,0,186,2
BRDA:173,0,187,1
BRDA:173,0,188,0
BRDA:173,0,189,0
BRDA:173,0,190,2
BRDA:173,0,191,1
DA:174,92
BRDA:174,0,0,0
BRDA:174,0,1,0
BRDA:174,0,2,92
BRDA:174,0,3,92
DA:175,93
BRDA:175,0,0,41
BRDA:175,0,1,41
BRDA:175,0,2,93
BRDA:175,0,3,92
BRDA:175,0,4,0
BRDA:175,0,5,0
DA:176,38
BRDA:176,0,0,38
BRDA:176,0,1,38
BRDA:176,0,2,38
BRDA:176,0,3,38
BRDA:176,0,4,38
BRDA:176,0,5,38
BRDA:176,0,6,38
BRDA:176,0,7,38
DA:177,64
BRDA:177,0,0,18
BRDA:177,0,1,18
BRDA:177,0,2,64
BRDA:177,0,3,64
BRDA:177,0,4,4
BRDA:177,0,5,4
BRDA:177,0,6,6
BRDA:177,0,7,6
DA:178,309
BRDA:178,0,0,0
BRDA:178,0,1,0
BRDA:178,0,2,1
BRDA:178,0,3,1
BRDA:178,0,4,1
BRDA:178,0,5,1
BRDA:178,0,6,1
BRDA:178,0,7,1
BRDA:178,0,8,1
BRDA:178,0,9,1
BRDA:178,0,10,1
BRDA:178,0,11,1
BRDA:178,0,12,1
BRDA:178,0,13,1
BRDA:178,0,14,36
BRDA:178,0,15,36
BRDA:178,0,16,6
BRDA:178,0,17,6
BRDA:178,0,18,1
BRDA:178,0,19,1
BRDA:178,0,20,1
BRDA:178,0,21,1
BRDA:178,0,22,0
BRDA:178,0,23,0
BRDA:178,0,24,1
BRDA:178,0,25,1
BRDA:178,0,26,1
BRDA:178,0,27,1
BRDA:178,0,28,1
BRDA:178,0,29,1
BRDA:178,0,30,1
BRDA:178,0,31,1
BRDA:178,0,32,1
BRDA:178,0,33,1
BRDA:178,0,34,1
BRDA:178,0,35,1
BRDA:178,0,36,1
BRDA:178,0,37,1
BRDA:178,0,38,1
BRDA:178,0,39,1
BRDA:178,0,40,1
BRDA:178,0,41,1
BRDA:178,0,42,1
BRDA:178,0,43,1
BRDA:178,0,44,309
BRDA:178,0,45,309
BRDA:178,0,46,1
BRDA:178,0,47,1
BRDA:178,0,48,1
BRDA:178,0,49,1
BRDA:178,0,50,271
BRDA:178,0,51,270
BRDA:178,0,52,6
BRDA:178,0,53,6
BRDA:178,0,54,10
BRDA:178,0,55,10
BRDA:178,0,56,3
BRDA:178,0,57,2
BRDA:178,0,58,2
BRDA:178,0,59,2
BRDA:178,0,60,1
BRDA:178,0,61,1
BRDA:178,0,62,1
BRDA:178,0,63,1
BRDA:178,0,64,17
BRDA:178,0,65,17
BRDA:178,0,66,1
BRDA:178,0,67,1
BRDA:178,0,68,0
BRDA:178,0,69,0
BRDA:178,0,70,2
BRDA:178,0,71,2
BRDA:178,0,72,1
BRDA:178,0,73,1
BRDA:178,0,74,1
BRDA:178,0,75,1
BRDA:178,0,76,1
BRDA:178,0,77,1
BRDA:178,0,78,2
BRDA:178,0,79,2
BRDA:178,0,80,1
BRDA:178,0,81,1
BRDA:178,0,82,1
BRDA:178,0,83,1
BRDA:178,0,84,0
BRDA:178,0,85,0
BRDA:178,0,86,10
BRDA:178,0,87,10
BRDA:178,0,88,2
BRDA:178,0,89,2
BRDA:178,0,90,1
BRDA:178,0,91,1
BRDA:178,0,92,1
BRDA:178,0,93,1
BRDA:178,0,94,1
BRDA:178,0,95,1
BRDA:178,0,96,2
BRDA:178,0,97,2
BRDA:178,0,98,1
BRDA:178,0,99,1
BRDA:178,0,100,1
BRDA:178,0,101,1
BRDA:178,0,102,0
BRDA:178,0,103,0
BRDA:178,0,104,2
BRDA:178,0,105,2
BRDA:178,0,106,1
BRDA:178,0,107,1
BRDA:178,0,108,7
BRDA:178,0,109,6
BRDA:178,0,110,1
BRDA:178,0,111,1
BRDA:178,0,112,1
BRDA:178,0,113,1
BRDA:178,0,114,2
BRDA:178,0,115,2
BRDA:178,0,116,4
BRDA:178,0,117,4
BRDA:178,0,118,4
BRDA:178,0,119,4
BRDA:178,0,120,3
BRDA:178,0,121,3
BRDA:178,0,122,4
BRDA:178,0,123,4
BRDA:178,0,124,2
BRDA:178,0,125,2
BRDA:178,0,126,1
BRDA:178,0,127,1
DA:179,92
BRDA:179,0,0,0
BRDA:179,0,1,0
BRDA:179,0,2,92
BRDA:179,0,3,92
DA:180,41
BRDA:180,0,0,41
BRDA:180,0,1,41
DA:181,18
BRDA:181,0,0,1
BRDA:181,0,1,0
BRDA:181,0,2,0
BRDA:181,0,3,0
BRDA:181,0,4,0
BRDA:181,0,5,0
BRDA:181,0,6,1
BRDA:181,0,7,0
BRDA:181,0,8,1
BRDA:181,0,9,0
BRDA:181,0,10,0
BRDA:181,0,11,0
BRDA:181,0,12,1
BRDA:181,0,13,0
BRDA:181,0,14,1
BRDA:181,0,15,0
BRDA:181,0,16,1
BRDA:181,0,17,0
BRDA:181,0,18,0
BRDA:181,0,19,0
BRDA:181,0,20,0
BRDA:181,0,21,0
BRDA:181,0,22,0
BRDA:181,0,23,0
BRDA:181,0,24,0
BRDA:181,0,25,0
BRDA:181,0,26,0
BRDA:181,0,27,0
BRDA:181,0,28,1
BRDA:181,0,29,0
BRDA:181,0,30,1
BRDA:181,0,31,0
BRDA:181,0,32,0
BRDA:181,0,33,0
BRDA:181,0,34,0
BRDA:181,0,35,0
BRDA:181,0,36,1
BRDA:181,0,37,0
BRDA:181,0,38,0
BRDA:181,0,39,0
BRDA:181,0,40,1
BRDA:181,0,41,0
BRDA:181,0,42,0
BRDA:181,0,43,0
BRDA:181,0,44,0
BRDA:181,0,45,0
BRDA:181,0,46,1
BRDA:181,0,47,0
BRDA:181,0,48,1
BRDA:181,0,49,0
BRDA:181,0,50,0
BRDA:181,0,51,0
BRDA:181,0,52,0
BRDA:181,0,53,0
BRDA:181,0,54,1
BRDA:181,0,55,0
BRDA:181,0,56,0
BRDA:181,0,57,0
BRDA:181,0,58,1
BRDA:181,0,59,0
BRDA:181,0,60,0
BRDA:181,0,61,0
BRDA:181,0,62,1
BRDA:181,0,63,0
BRDA:181,0,64,4
BRDA:181,0,65,4
BRDA:181,0,66,0
BRDA:181,0,67,0
BRDA:181,0,68,0
BRDA:181,0,69,0
BRDA:181,0,70,0
BRDA:181,0,71,0
BRDA:181,0,72,0
BRDA:181,0,73,0
BRDA:181,0,74,0
BRDA:181,0,75,0
BRDA:181,0,76,0
BRDA:181,0,77,0
BRDA:181,0,78,0
BRDA:181,0,79,0
BRDA:181,0,80,0
BRDA:181,0,81,0
BRDA:181,0,82,0
BRDA:181,0,83,0
BRDA:181,0,84,0
BRDA:181,0,85,0
BRDA:181,0,86,0
BRDA:181,0,87,0
BRDA:181,0,88,0
BRDA:181,0,89,0
BRDA:181,0,90,0
BRDA:181,0,91,0
BRDA:181,0,92,0
BRDA:181,0,93,0
BRDA:181,0,94,0
BRDA:181,0,95,0
BRDA:181,0,96,0
BRDA:181,0,97,0
BRDA:181,0,98,0
BRDA:181,0,99,0
BRDA:181,0,100,0
BRDA:181,0,101,0
BRDA:181,0,102,0
BRDA:181,0,103,0
BRDA:181,0,104,0
BRDA:181,0,105,0
BRDA:181,0,106,0
BRDA:181,0,107,0
BRDA:181,0,108,16
BRDA:181,0,109,16
BRDA:181,0,110,0
BRDA:181,0,111,0
BRDA:181,0,112,0
BRDA:181,0,113,0
BRDA:181,0,114,16
BRDA:181,0,115,16
BRDA:181,0,116,18
BRDA:181,0,117,17
BRDA:181,0,118,16
BRDA:181,0,119,16
BRDA:181,0,120,16
BRDA:181,0,121,16
BRDA:181,0,122,0
BRDA:181,0,123,0
BRDA:181,0,124,0
BRDA:181,0,125,0
BRDA:181,0,126,0
BRDA:181,0,127,0
DA:182,75
BRDA:182,0,0,19
BRDA:182,0,1,18
BRDA:182,0,2,0
BRDA:182,0,3,0
BRDA:182,0,4,75
BRDA:182,0,5,74
BRDA:182,0,6,0
BRDA:182,0,7,0
DA:214,0
BRDA:214,0,0,0
BRDA:214,0,1,0
DA:217,74
BRDA:217,0,0,74
BRDA:217,0,1,74
BRDA:217,0,2,74
BRDA:217,0,3,74
BRDA:217,0,4,35
BRDA:217,0,5,34
BRDA:217,0,6,1
BRDA:217,0,7,0
DA:218,35
BRDA:218,0,0,0
BRDA:218,0,1,0
BRDA:218,0,2,0
BRDA:218,0,3,0
BRDA:218,0,4,0
BRDA:218,0,5,0
BRDA:218,0,6,0
BRDA:218,0,7,0
BRDA:218,0,8,0
BRDA:218,0,9,0
BRDA:218,0,10,0
BRDA:218,0,11,0
BRDA:218,0,12,0
BRDA:218,0,13,0
BRDA:218,0,14,35
BRDA:218,0,15,34
BRDA:218,0,16,4
BRDA:218,0,17,4
BRDA:218,0,18,0
BRDA:218,0,19,0
BRDA:218,0,20,0
BRDA:218,0,21,0
BRDA:218,0,22,0
BRDA:218,0,23,0
BRDA:218,0,24,0
BRDA:218,0,25,0
BRDA:218,0,26,0
BRDA:218,0,27,0
BRDA:218,0,28,0
BRDA:218,0,29,0
BRDA:218,0,30,0
BRDA:218,0,31,0
BRDA:218,0,32,0
BRDA:218,0,33,0
BRDA:218,0,34,0
BRDA:218,0,35,0
BRDA:218,0,36,0
BRDA:218,0,37,0
BRDA:218,0,38,0
BRDA:218,0,39,0
BRDA:218,0,40,0
BRDA:218,0,41,0
BRDA:218,0,42,0
BRDA:218,0,43,0
BRDA:218,0,44,1
BRDA:218,0,45,1
BRDA:218,0,46,0
BRDA:218,0,47,0
BRDA:218,0,48,0
BRDA:218,0,49,0
BRDA:218,0,50,0
BRDA:218,0,51,0
BRDA:218,0,52,0
BRDA:218,0,53,0
BRDA:218,0,54,0
BRDA:218,0,55,0
BRDA:218,0,56,0
BRDA:218,0,57,0
BRDA:218,0,58,0
BRDA:218,0,59,0
BRDA:218,0,60,0
BRDA:218,0,61,0
BRDA:218,0,62,0
BRDA:218,0,63,0
BRDA:218,0,64,19
BRDA:218,0,65,19
BRDA:218,0,66,0
BRDA:218,0,67,0
BRDA:218,0,68,0
BRDA:218,0,69,0
BRDA:218,0,70,0
BRDA:218,0,71,0
BRDA:218,0,72,0
BRDA:218,0,73,0
BRDA:218,0,74,0
BRDA:218,0,75,0
BRDA:218,0,76,0
BRDA:218,0,77,0
BRDA:218,0,78,0
BRDA:218,0,79,0
BRDA:218,0,80,0
BRDA:218,0,81,0
BRDA:218,0,82,0
BRDA:218,0,83,0
BRDA:218,0,84,0
BRDA:218,0,85,0
BRDA:218,0,86,17
BRDA:218,0,87,17
BRDA:218,0,88,0
BRDA:218,0,89,0
BRDA:218,0,90,0
BRDA:218,0,91,0
BRDA:218,0,92,0
BRDA:218,0,93,0
BRDA:218,0,94,0
BRDA:218,0,95,0
BRDA:218,0,96,0
BRDA:218,0,97,0
BRDA:218,0,98,0
BRDA:218,0,99,0
BRDA:218,0,100,0
BRDA:218,0,101,0
BRDA:218,0,102,0
BRDA:218,0,103,0
BRDA:218,0,104,0
BRDA:218,0,105,0
BRDA:218,0,106,0
BRDA:218,0,107,0
BRDA:218,0,108,21
[...]
BRDA:27,0,43,0
BRDA:27,0,44,0
BRDA:27,0,45,0
BRDA:27,0,46,0
BRDA:27,0,47,0
BRDA:27,0,48,0
BRDA:27,0,49,0
BRDA:27,0,50,0
BRDA:27,0,51,0
BRDA:27,0,52,0
BRDA:27,0,53,0
BRDA:27,0,54,0
BRDA:27,0,55,0
BRDA:27,0,56,0
BRDA:27,0,57,0
BRDA:27,0,58,0
BRDA:27,0,59,0
BRDA:27,0,60,0
BRDA:27,0,61,0
BRDA:27,0,62,0
BRDA:27,0,63,0
DA:28,38
BRDA:28,0,0,4
BRDA:28,0,1,3
BRDA:28,0,2,0
BRDA:28,0,3,0
BRDA:28,0,4,0
BRDA:28,0,5,0
BRDA:28,0,6,0
BRDA:28,0,7,0
BRDA:28,0,8,0
BRDA:28,0,9,0
BRDA:28,0,10,0
BRDA:28,0,11,0
BRDA:28,0,12,0
BRDA:28,0,13,0
BRDA:28,0,14,0
BRDA:28,0,15,0
BRDA:28,0,16,0
BRDA:28,0,17,0
BRDA:28,0,18,0
BRDA:28,0,19,0
BRDA:28,0,20,0
BRDA:28,0,21,0
BRDA:28,0,22,38
BRDA:28,0,23,37
BRDA:28,0,24,0
BRDA:28,0,25,0
BRDA:28,0,26,0
BRDA:28,0,27,0
BRDA:28,0,28,0
BRDA:28,0,29,0
BRDA:28,0,30,0
BRDA:28,0,31,0
BRDA:28,0,32,0
BRDA:28,0,33,0
BRDA:28,0,34,0
BRDA:28,0,35,0
BRDA:28,0,36,0
BRDA:28,0,37,0
BRDA:28,0,38,0
BRDA:28,0,39,0
BRDA:28,0,40,0
BRDA:28,0,41,0
BRDA:28,0,42,0
BRDA:28,0,43,0
BRDA:28,0,44,0
BRDA:28,0,45,0
BRDA:28,0,46,0
BRDA:28,0,47,0
BRDA:28,0,48,0
BRDA:28,0,49,0
BRDA:28,0,50,38
BRDA:28,0,51,38
BRDA:28,0,52,0
BRDA:28,0,53,0
BRDA:28,0,54,0
BRDA:28,0,55,0
BRDA:28,0,56,0
BRDA:28,0,57,0
BRDA:28,0,58,0
BRDA:28,0,59,0
BRDA:28,0,60,0
BRDA:28,0,61,0
BRDA:28,0,62,0
BRDA:28,0,63,0
DA:29,38
BRDA:29,0,0,38
BRDA:29,0,1,38
DA:30,1057
BRDA:30,0,0,1057
BRDA:30,0,1,1056
BRDA:30,0,2,1057
BRDA:30,0,3,1057
DA:31,1019
BRDA:31,0,0,1019
BRDA:31,0,1,1019
BRDA:31,0,2,1019
BRDA:31,0,3,1019
BRDA:31,0,4,1019
BRDA:31,0,5,1019
BRDA:31,0,6,1019
BRDA:31,0,7,1019
BRDA:31,0,8,1019
BRDA:31,0,9,1019
BRDA:31,0,10,1019
BRDA:31,0,11,1019
BRDA:31,0,12,1019
BRDA:31,0,13,1019
BRDA:31,0,14,1019
BRDA:31,0,15,1019
BRDA:31,0,16,1019
BRDA:31,0,17,1019
BRDA:31,0,18,1019
BRDA:31,0,19,1019
BRDA:31,0,20,1019
BRDA:31,0,21,1019
BRDA:31,0,22,1019
BRDA:31,0,23,1019
BRDA:31,0,24,1019
BRDA:31,0,25,1019
BRDA:31,0,26,1019
BRDA:31,0,27,1019
BRDA:31,0,28,1019
BRDA:31,0,29,1019
BRDA:31,0,30,1019
BRDA:31,0,31,1019
DA:32,38
BRDA:32,0,0,38
BRDA:32,0,1,38
DA:33,1019
BRDA:33,0,0,1019
BRDA:33,0,1,1019
DA:34,1019
BRDA:34,0,0,1019
BRDA:34,0,1,1019
BRDA:34,0,2,1019
BRDA:34,0,3,1019
BRDA:34,0,4,1019
BRDA:34,0,5,1019
BRDA:34,0,6,1019
BRDA:34,0,7,1019
BRDA:34,0,8,1019
BRDA:34,0,9,1019
BRDA:34,0,10,1019
BRDA:34,0,11,1019
BRDA:34,0,12,1019
BRDA:34,0,13,1019
BRDA:34,0,14,1019
BRDA:34,0,15,1019
DA:37,1095
BRDA:37,0,0,1019
BRDA:37,0,1,1019
BRDA:37,0,2,1019
BRDA:37,0,3,1019
BRDA:37,0,4,1019
BRDA:37,0,5,1019
BRDA:37,0,6,1019
BRDA:37,0,7,1019
BRDA:37,0,8,1019
BRDA:37,0,9,1019
BRDA:37,0,10,1019
BRDA:37,0,11,1019
BRDA:37,0,12,1019
BRDA:37,0,13,1019
BRDA:37,0,14,1057
BRDA:37,0,15,1056
BRDA:37,0,16,1057
BRDA:37,0,17,1057
BRDA:37,0,18,1057
BRDA:37,0,19,1057
BRDA:37,0,20,1057
BRDA:37,0,21,1057
BRDA:37,0,22,1019
BRDA:37,0,23,1019
BRDA:37,0,24,1057
BRDA:37,0,25,1057
BRDA:37,0,26,1057
BRDA:37,0,27,1057
BRDA:37,0,28,1057
BRDA:37,0,29,1057
BRDA:37,0,30,1057
BRDA:37,0,31,1057
BRDA:37,0,32,1057
BRDA:37,0,33,1057
BRDA:37,0,34,1057
BRDA:37,0,35,1057
BRDA:37,0,36,1057
BRDA:37,0,37,1057
BRDA:37,0,38,1057
BRDA:37,0,39,1057
BRDA:37,0,40,1057
BRDA:37,0,41,1057
BRDA:37,0,42,1057
BRDA:37,0,43,1057
BRDA:37,0,44,1019
BRDA:37,0,45,1019
BRDA:37,0,46,1057
BRDA:37,0,47,1057
BRDA:37,0,48,1057
BRDA:37,0,49,1057
BRDA:37,0,50,1057
BRDA:37,0,51,1057
BRDA:37,0,52,1057
BRDA:37,0,53,1057
BRDA:37,0,54,1057
BRDA:37,0,55,1057
BRDA:37,0,56,1057
BRDA:37,0,57,1057
BRDA:37,0,58,1057
BRDA:37,0,59,1057
BRDA:37,0,60,1057
BRDA:37,0,61,1057
BRDA:37,0,62,1057
BRDA:37,0,63,1057
BRDA:37,0,64,1057
BRDA:37,0,65,1057
BRDA:37,0,66,1019
BRDA:37,0,67,1019
BRDA:37,0,68,1057
BRDA:37,0,69,1057
BRDA:37,0,70,1057
BRDA:37,0,71,1057
BRDA:37,0,72,1057
BRDA:37,0,73,1057
BRDA:37,0,74,1057
BRDA:37,0,75,1057
BRDA:37,0,76,1057
BRDA:37,0,77,1057
BRDA:37,0,78,1057
BRDA:37,0,79,1057
BRDA:37,0,80,1095
BRDA:37,0,81,1094
BRDA:37,0,82,1095
BRDA:37,0,83,1095
BRDA:37,0,84,1019
BRDA:37,0,85,1019
BRDA:37,0,86,1019
BRDA:37,0,87,1019
BRDA:37,0,88,1019
BRDA:37,0,89,1019
BRDA:37,0,90,1019
BRDA:37,0,91,1019
BRDA:37,0,92,1019
BRDA:37,0,93,1019
BRDA:37,0,94,1019
BRDA:37,0,95,1019
DA:41,1095
BRDA:41,0,0,1095
BRDA:41,0,1,1094
BRDA:41,0,2,1095
BRDA:41,0,3,1095
DA:45,101
BRDA:45,0,0,101
BRDA:45,0,1,101
DA:48,117017
DA:49,116979
BRDA:49,0,0,38
BRDA:49,0,1,116979
BRDA:49,0,2,38
DA:50,0
BRDA:50,0,0,0
BRDA:50,0,1,0
BRDA:50,0,2,0
BRDA:50,0,3,0
BRDA:50,0,4,0
DA:51,104835
BRDA:51,0,0,12144
BRDA:51,0,1,104835
DA:54,1095
BRDA:54,0,0,1095
BRDA:54,0,1,1094
BRDA:54,0,2,1095
BRDA:54,0,3,1095
BRF:416
BRH:279
end_of_record
SF:../../rtl/spi.sv
DA:30,103918
BRDA:30,0,0,103918
BRDA:30,0,1,103917
DA:31,39
BRDA:31,0,0,39
BRDA:31,0,1,38
DA:34,6
BRDA:34,0,0,6
BRDA:34,0,1,6
DA:35,6
BRDA:35,0,0,6
BRDA:35,0,1,6
DA:36,21
BRDA:36,0,0,19
BRDA:36,0,1,19
BRDA:36,0,2,0
BRDA:36,0,3,0
BRDA:36,0,4,0
BRDA:36,0,5,0
BRDA:36,0,6,0
BRDA:36,0,7,0
BRDA:36,0,8,0
BRDA:36,0,9,0
BRDA:36,0,10,0
BRDA:36,0,11,0
BRDA:36,0,12,0
BRDA:36,0,13,0
BRDA:36,0,14,0
BRDA:36,0,15,0
BRDA:36,0,16,0
BRDA:36,0,17,0
BRDA:36,0,18,0
BRDA:36,0,19,0
BRDA:36,0,20,0
BRDA:36,0,21,0
BRDA:36,0,22,17
BRDA:36,0,23,17
BRDA:36,0,24,0
BRDA:36,0,25,0
BRDA:36,0,26,0
BRDA:36,0,27,0
BRDA:36,0,28,0
BRDA:36,0,29,0
BRDA:36,0,30,0
BRDA:36,0,31,0
BRDA:36,0,32,0
BRDA:36,0,33,0
BRDA:36,0,34,0
BRDA:36,0,35,0
BRDA:36,0,36,0
BRDA:36,0,37,0
BRDA:36,0,38,0
BRDA:36,0,39,0
BRDA:36,0,40,0
BRDA:36,0,41,0
BRDA:36,0,42,0
BRDA:36,0,43,0
BRDA:36,0,44,21
BRDA:36,0,45,20
BRDA:36,0,46,0
BRDA:36,0,47,0
BRDA:36,0,48,0
BRDA:36,0,49,0
BRDA:36,0,50,16
BRDA:36,0,51,16
BRDA:36,0,52,18
BRDA:36,0,53,18
BRDA:36,0,54,3
BRDA:36,0,55,3
BRDA:36,0,56,2
BRDA:36,0,57,2
BRDA:36,0,58,3
BRDA:36,0,59,3
BRDA:36,0,60,0
BRDA:36,0,61,0
BRDA:36,0,62,0
BRDA:36,0,63,0
DA:37,3
BRDA:37,0,0,3
BRDA:37,0,1,3
BRDA:37,0,2,0
BRDA:37,0,3,0
BRDA:37,0,4,0
BRDA:37,0,5,0
BRDA:37,0,6,0
BRDA:37,0,7,0
BRDA:37,0,8,0
BRDA:37,0,9,0
BRDA:37,0,10,0
BRDA:37,0,11,0
BRDA:37,0,12,0
BRDA:37,0,13,0
BRDA:37,0,14,0
BRDA:37,0,15,0
BRDA:37,0,16,0
BRDA:37,0,17,0
BRDA:37,0,18,0
BRDA:37,0,19,0
BRDA:37,0,20,0
BRDA:37,0,21,0
BRDA:37,0,22,0
BRDA:37,0,23,0
BRDA:37,0,24,0
BRDA:37,0,25,0
BRDA:37,0,26,0
BRDA:37,0,27,0
BRDA:37,0,28,0
BRDA:37,0,29,0
BRDA:37,0,30,0
BRDA:37,0,31,0
BRDA:37,0,32,0
BRDA:37,0,33,0
BRDA:37,0,34,0
BRDA:37,0,35,0
BRDA:37,0,36,0
BRDA:37,0,37,0
BRDA:37,0,38,0
BRDA:37,0,39,0
BRDA:37,0,40,0
BRDA:37,0,41,0
BRDA:37,0,42,0
BRDA:37,0,43,0
BRDA:37,0,44,0
BRDA:37,0,45,0
BRDA:37,0,46,0
BRDA:37,0,47,0
BRDA:37,0,48,0
BRDA:37,0,49,0
BRDA:37,0,50,0
BRDA:37,0,51,0
BRDA:37,0,52,0
BRDA:37,0,53,0
BRDA:37,0,54,0
BRDA:37,0,55,0
BRDA:37,0,56,0
BRDA:37,0,57,0
BRDA:37,0,58,0
BRDA:37,0,59,0
BRDA:37,0,60,0
BRDA:37,0,61,0
BRDA:37,0,62,0
BRDA:37,0,63,0
DA:40,21
BRDA:40,0,0,21
BRDA:40,0,1,21
DA:41,8
BRDA:41,0,0,8
BRDA:41,0,1,8
DA:42,0
BRDA:42,0,0,0
BRDA:42,0,1,0
DA:43,4
BRDA:43,0,0,4
BRDA:43,0,1,3
DA:49,48
BRDA:49,0,0,48
BRDA:49,0,1,48
DA:50,45
BRDA:50,0,0,45
BRDA:50,0,1,45
DA:51,3
BRDA:51,0,0,3
BRDA:51,0,1,3
DA:53,103956
DA:54,103918
BRDA:54,0,0,38
BRDA:54,0,1,103918
BRDA:54,0,2,38
DA:55,38
DA:56,38
DA:57,103825
BRDA:57,0,0,93
BRDA:57,0,1,103825
DA:58,48
BRDA:58,0,0,45
BRDA:58,0,1,48
DA:59,45
DA:60,45
DA:61,48
DA:62,48
DA:63,48
DA:65,103825
DA:66,103825
DA:67,103825
DA:78,3
BRDA:78,0,0,3
BRDA:78,0,1,3
DA:80,8
BRDA:80,0,0,3
BRDA:80,0,1,3
BRDA:80,0,2,3
BRDA:80,0,3,3
BRDA:80,0,4,4
BRDA:80,0,5,4
BRDA:80,0,6,4
BRDA:80,0,7,4
BRDA:80,0,8,5
BRDA:80,0,9,5
BRDA:80,0,10,6
BRDA:80,0,11,6
BRDA:80,0,12,6
BRDA:80,0,13,6
BRDA:80,0,14,8
BRDA:80,0,15,8
DA:81,0
BRDA:81,0,0,0
BRDA:81,0,1,0
BRDA:81,0,2,0
BRDA:81,0,3,0
BRDA:81,0,4,0
BRDA:81,0,5,0
BRDA:81,0,6,0
BRDA:81,0,7,0
BRDA:81,0,8,0
BRDA:81,0,9,0
BRDA:81,0,10,0
BRDA:81,0,11,0
BRDA:81,0,12,0
BRDA:81,0,13,0
BRDA:81,0,14,0
BRDA:81,0,15,0
DA:82,12
BRDA:82,0,0,12
BRDA:82,0,1,12
BRDA:82,0,2,6
BRDA:82,0,3,6
BRDA:82,0,4,3
BRDA:82,0,5,3
BRDA:82,0,6,0
BRDA:82,0,7,0
DA:83,21
BRDA:83,0,0,21
BRDA:83,0,1,21
DA:84,0
BRDA:84,0,0,0
BRDA:84,0,1,0
BRDA:84,0,2,0
BRDA:84,0,3,0
BRDA:84,0,4,0
BRDA:84,0,5,0
BRDA:84,0,6,0
BRDA:84,0,7,0
BRDA:84,0,8,0
BRDA:84,0,9,0
BRDA:84,0,10,0
BRDA:84,0,11,0
BRDA:84,0,12,0
BRDA:84,0,13,0
BRDA:84,0,14,0
BRDA:84,0,15,0
DA:89,103956
DA:90,103918
BRDA:90,0,0,103918
BRDA:90,0,1,38
BRDA:90,0,2,103918
BRDA:90,0,3,38
DA:91,38
DA:92,38
DA:93,38
DA:94,38
DA:95,38
DA:96,38
DA:97,38
DA:98,38
DA:99,103918
DA:100,103918
DA:101,103825
DA:102,103825
DA:103,103825
DA:104,103912
BRDA:104,0,0,3
BRDA:104,0,1,103822
BRDA:104,0,2,103912
BRDA:104,0,3,6
BRDA:104,0,4,103912
DA:105,3
DA:106,3
DA:107,3
DA:108,3
DA:109,3
DA:113,93
DA:114,48
BRDA:114,0,0,45
BRDA:114,0,1,48
DA:115,45
BRDA:115,0,0,45
BRDA:115,0,1,24
BRDA:115,0,2,21
DA:117,24
BRDA:117,0,0,24
BRDA:117,0,1,21
BRDA:117,0,2,24
BRDA:117,0,3,21
DA:119,24
DA:121,21
BRDA:121,0,0,3
BRDA:121,0,1,21
DA:123,3
DA:124,3
DA:125,3
DA:126,3
DA:127,3
DA:128,21
DA:129,21
DA:131,21
DA:133,21
BRF:237
BRH:48
end_of_record
SF:../../rtl/test_fsm.sv
DA:5,116979
BRDA:5,0,0,116979
BRDA:5,0,1,116978
DA:6,39
BRDA:6,0,0,39
BRDA:6,0,1,38
DA:7,38
BRDA:7,0,0,38
BRDA:7,0,1,38
DA:8,1057
BRDA:8,0,0,1057
BRDA:8,0,1,1056
BRDA:8,0,2,1057
BRDA:8,0,3,1057
DA:9,1019
BRDA:9,0,0,1019
BRDA:9,0,1,1019
BRDA:9,0,2,1019
BRDA:9,0,3,1019
BRDA:9,0,4,1019
BRDA:9,0,5,1019
BRDA:9,0,6,1019
BRDA:9,0,7,1019
BRDA:9,0,8,1019
BRDA:9,0,9,1019
BRDA:9,0,10,1019
BRDA:9,0,11,1019
BRDA:9,0,12,1019
BRDA:9,0,13,1019
BRDA:9,0,14,1019
BRDA:9,0,15,1019
BRDA:9,0,16,1019
BRDA:9,0,17,1019
BRDA:9,0,18,1019
BRDA:9,0,19,1019
BRDA:9,0,20,1019
BRDA:9,0,21,1019
BRDA:9,0,22,1019
BRDA:9,0,23,1019
BRDA:9,0,24,1019
BRDA:9,0,25,1019
BRDA:9,0,26,1019
BRDA:9,0,27,1019
BRDA:9,0,28,1019
BRDA:9,0,29,1019
BRDA:9,0,30,1019
BRDA:9,0,31,1019
DA:10,103918
BRDA:10,0,0,103918
BRDA:10,0,1,103917
DA:11,38
BRDA:11,0,0,38
BRDA:11,0,1,38
DA:12,38
BRDA:12,0,0,38
BRDA:12,0,1,37
BRDA:12,0,2,0
BRDA:12,0,3,0
DA:16,38
BRDA:16,0,0,38
BRDA:16,0,1,37
BRDA:16,0,2,0
BRDA:16,0,3,0
DA:17,0
BRDA:17,0,0,0
BRDA:17,0,1,0
BRDA:17,0,2,0
BRDA:17,0,3,0
BRDA:17,0,4,0
BRDA:17,0,5,0
BRDA:17,0,6,0
BRDA:17,0,7,0
BRDA:17,0,8,0
BRDA:17,0,9,0
BRDA:17,0,10,0
BRDA:17,0,11,0
BRDA:17,0,12,0
BRDA:17,0,13,0
BRDA:17,0,14,0
BRDA:17,0,15,0
BRDA:17,0,16,0
BRDA:17,0,17,0
BRDA:17,0,18,0
BRDA:17,0,19,0
BRDA:17,0,20,0
BRDA:17,0,21,0
BRDA:17,0,22,0
BRDA:17,0,23,0
BRDA:17,0,24,0
BRDA:17,0,25,0
BRDA:17,0,26,0
BRDA:17,0,27,0
BRDA:17,0,28,0
BRDA:17,0,29,0
BRDA:17,0,30,0
BRDA:17,0,31,0
DA:18,38
BRDA:18,0,0,38
BRDA:18,0,1,37
DA:20,117017
DA:21,116979
BRDA:21,0,0,38
BRDA:21,0,1,116979
BRDA:21,0,2,38
DA:22,38
DA:23,38
DA:24,38
DA:25,38
DA:26,38
DA:27,116941
BRDA:27,0,0,0
BRDA:27,0,1,116941
BRDA:27,0,2,116941
BRDA:27,0,3,116941
BRDA:27,0,4,0
DA:28,0
DA:32,117018
DA:33,117018
DA:34,103956
DA:35,0
DA:36,13062
DA:43,38
BRDA:43,0,0,38
BRDA:43,0,1,37
DA:44,116978
DA:45,116940
BRDA:45,0,0,116940
BRDA:45,0,1,38
BRDA:45,0,2,116940
BRDA:45,0,3,38
DA:46,116940
BRF:102
BRH:64
end_of_record
SF:../../rtl/uart.sv
DA:22,103918
BRDA:22,0,0,103918
BRDA:22,0,1,103917
DA:23,39
BRDA:23,0,0,39
BRDA:23,0,1,38
DA:25,4
BRDA:25,0,0,4
BRDA:25,0,1,4
DA:26,4
BRDA:26,0,0,4
BRDA:26,0,1,4
DA:27,35
BRDA:27,0,0,0
BRDA:27,0,1,0
BRDA:27,0,2,0
BRDA:27,0,3,0
BRDA:27,0,4,0
BRDA:27,0,5,0
BRDA:27,0,6,0
BRDA:27,0,7,0
BRDA:27,0,8,0
BRDA:27,0,9,0
BRDA:27,0,10,0
BRDA:27,0,11,0
BRDA:27,0,12,0
BRDA:27,0,13,0
BRDA:27,0,14,35
BRDA:27,0,15,34
BRDA:27,0,16,4
BRDA:27,0,17,4
BRDA:27,0,18,0
BRDA:27,0,19,0
BRDA:27,0,20,0
BRDA:27,0,21,0
BRDA:27,0,22,0
BRDA:27,0,23,0
BRDA:27,0,24,0
BRDA:27,0,25,0
BRDA:27,0,26,0
BRDA:27,0,27,0
BRDA:27,0,28,0
BRDA:27,0,29,0
BRDA:27,0,30,0
BRDA:27,0,31,0
BRDA:27,0,32,0
BRDA:27,0,33,0
BRDA:27,0,34,0
BRDA:27,0,35,0
BRDA:27,0,36,0
BRDA:27,0,37,0
BRDA:27,0,38,0
BRDA:27,0,39,0
BRDA:27,0,40,0
BRDA:27,0,41,0
BRDA:27,0,42,0
BRDA:27,0,43,0
BRDA:27,0,44,1
BRDA:27,0,45,1
BRDA:27,0,46,0
BRDA:27,0,47,0
BRDA:27,0,48,0
BRDA:27,0,49,0
BRDA:27,0,50,0
BRDA:27,0,51,0
BRDA:27,0,52,0
BRDA:27,0,53,0
BRDA:27,0,54,0
BRDA:27,0,55,0
BRDA:27,0,56,0
BRDA:27,0,57,0
BRDA:27,0,58,0
BRDA:27,0,59,0
BRDA:27,0,60,0
BRDA:27,0,61,0
BRDA:27,0,62,0
BRDA:27,0,63,0
DA:28,21
BRDA:28,0,0,19
BRDA:28,0,1,19
BRDA:28,0,2,0
BRDA:28,0,3,0
BRDA:28,0,4,0
BRDA:28,0,5,0
BRDA:28,0,6,0
BRDA:28,0,7,0
BRDA:28,0,8,0
BRDA:28,0,9,0
BRDA:28,0,10,0
BRDA:28,0,11,0
BRDA:28,0,12,0
BRDA:28,0,13,0
BRDA:28,0,14,0
BRDA:28,0,15,0
BRDA:28,0,16,0
BRDA:28,0,17,0
BRDA:28,0,18,0
BRDA:28,0,19,0
BRDA:28,0,20,0
BRDA:28,0,21,0
BRDA:28,0,22,17
BRDA:28,0,23,17
BRDA:28,0,24,0
BRDA:28,0,25,0
BRDA:28,0,26,0
BRDA:28,0,27,0
BRDA:28,0,28,0
BRDA:28,0,29,0
BRDA:28,0,30,0
BRDA:28,0,31,0
BRDA:28,0,32,0
BRDA:28,0,33,0
BRDA:28,0,34,0
BRDA:28,0,35,0
BRDA:28,0,36,0
BRDA:28,0,37,0
BRDA:28,0,38,0
BRDA:28,0,39,0
BRDA:28,0,40,0
BRDA:28,0,41,0
BRDA:28,0,42,0
BRDA:28,0,43,0
BRDA:28,0,44,21
BRDA:28,0,45,20
BRDA:28,0,46,0
BRDA:28,0,47,0
BRDA:28,0,48,0
BRDA:28,0,49,0
BRDA:28,0,50,16
BRDA:28,0,51,16
BRDA:28,0,52,18
BRDA:28,0,53,18
BRDA:28,0,54,3
BRDA:28,0,55,3
BRDA:28,0,56,2
BRDA:28,0,57,2
BRDA:28,0,58,3
BRDA:28,0,59,3
BRDA:28,0,60,0
BRDA:28,0,61,0
BRDA:28,0,62,0
BRDA:28,0,63,0
DA:29,1
BRDA:29,0,0,1
BRDA:29,0,1,1
BRDA:29,0,2,0
BRDA:29,0,3,0
BRDA:29,0,4,0
BRDA:29,0,5,0
BRDA:29,0,6,0
BRDA:29,0,7,0
BRDA:29,0,8,0
BRDA:29,0,9,0
BRDA:29,0,10,0
BRDA:29,0,11,0
BRDA:29,0,12,0
BRDA:29,0,13,0
BRDA:29,0,14,0
BRDA:29,0,15,0
BRDA:29,0,16,0
BRDA:29,0,17,0
BRDA:29,0,18,0
BRDA:29,0,19,0
BRDA:29,0,20,0
BRDA:29,0,21,0
BRDA:29,0,22,0
BRDA:29,0,23,0
BRDA:29,0,24,0
BRDA:29,0,25,0
BRDA:29,0,26,0
BRDA:29,0,27,0
BRDA:29,0,28,0
BRDA:29,0,29,0
BRDA:29,0,30,0
BRDA:29,0,31,0
BRDA:29,0,32,0
BRDA:29,0,33,0
BRDA:29,0,34,0
BRDA:29,0,35,0
BRDA:29,0,36,0
BRDA:29,0,37,0
BRDA:29,0,38,0
BRDA:29,0,39,0
BRDA:29,0,40,0
BRDA:29,0,41,0
BRDA:29,0,42,0
BRDA:29,0,43,0
BRDA:29,0,44,0
BRDA:29,0,45,0
BRDA:29,0,46,0
BRDA:29,0,47,0
BRDA:29,0,48,0
BRDA:29,0,49,0
BRDA:29,0,50,0
BRDA:29,0,51,0
BRDA:29,0,52,0
BRDA:29,0,53,0
BRDA:29,0,54,0
BRDA:29,0,55,0
BRDA:29,0,56,0
BRDA:29,0,57,0
BRDA:29,0,58,0
BRDA:29,0,59,0
BRDA:29,0,60,0
BRDA:29,0,61,0
BRDA:29,0,62,0
BRDA:29,0,63,0
DA:31,9
BRDA:31,0,0,9
BRDA:31,0,1,8
DA:32,3
BRDA:32,0,0,3
BRDA:32,0,1,2
DA:40,2882
BRDA:40,0,0,2882
BRDA:40,0,1,2882
BRDA:40,0,2,1440
BRDA:40,0,3,1440
BRDA:40,0,4,720
BRDA:40,0,5,720
BRDA:40,0,6,360
BRDA:40,0,7,360
BRDA:40,0,8,180
BRDA:40,0,9,180
BRDA:40,0,10,100
BRDA:40,0,11,100
BRDA:40,0,12,40
BRDA:40,0,13,40
BRDA:40,0,14,20
BRDA:40,0,15,20
BRDA:40,0,16,20
BRDA:40,0,17,20
DA:41,20
BRDA:41,0,0,20
BRDA:41,0,1,20
DA:42,2
BRDA:42,0,0,2
BRDA:42,0,1,2
DA:44,103956
DA:45,103918
BRDA:45,0,0,38
BRDA:45,0,1,103918
BRDA:45,0,2,38
DA:46,38
DA:47,38
DA:48,98136
BRDA:48,0,0,5782
BRDA:48,0,1,98136
DA:49,5762
BRDA:49,0,0,20
BRDA:49,0,1,5762
DA:50,20
DA:51,20
DA:52,5762
DA:53,5762
DA:54,5762
DA:56,98136
DA:57,98136
DA:58,98136
DA:63,4
BRDA:63,0,0,4
BRDA:63,0,1,4
BRDA:63,0,2,2
BRDA:63,0,3,2
DA:64,6
BRDA:64,0,0,6
BRDA:64,0,1,6
BRDA:64,0,2,4
BRDA:64,0,3,4
BRDA:64,0,4,4
BRDA:64,0,5,4
BRDA:64,0,6,3
BRDA:64,0,7,3
BRDA:64,0,8,3
BRDA:64,0,9,3
BRDA:64,0,10,2
BRDA:64,0,11,2
BRDA:64,0,12,2
BRDA:64,0,13,2
BRDA:64,0,14,0
BRDA:64,0,15,0
DA:65,8
BRDA:65,0,0,8
BRDA:65,0,1,8
BRDA:65,0,2,4
BRDA:65,0,3,4
BRDA:65,0,4,2
BRDA:65,0,5,2
DA:67,103956
DA:68,103918
BRDA:68,0,0,103918
BRDA:68,0,1,38
BRDA:68,0,2,103918
BRDA:68,0,3,38
DA:69,38
DA:70,38
DA:71,38
DA:72,38
DA:73,38
DA:74,103918
DA:75,103918
DA:76,98136
DA:77,98136
DA:78,103914
BRDA:78,0,0,2
BRDA:78,0,1,98134
BRDA:78,0,2,103914
BRDA:78,0,3,4
BRDA:78,0,4,103914
DA:79,2
DA:80,2
DA:81,2
DA:82,2
DA:85,580
DA:86,580
DA:87,578
BRDA:87,0,0,2
BRDA:87,0,1,578
DA:89,4624
DA:90,4624
DA:91,4608
BRDA:91,0,0,16
BRDA:91,0,1,4608
DA:92,16
DA:93,14
BRDA:93,0,0,2
BRDA:93,0,1,14
DA:94,14
DA:97,578
DA:98,578
DA:99,576
BRDA:99,0,0,2
BRDA:99,0,1,576
DA:100,2
DA:101,2
DA:111,3
BRDA:111,0,0,3
BRDA:111,0,1,2
BRDA:111,0,2,3
BRDA:111,0,3,2
DA:112,103956
DA:113,103918
BRDA:113,0,0,103918
BRDA:113,0,1,38
BRDA:113,0,2,103918
BRDA:113,0,3,38
DA:114,38
DA:115,38
DA:116,103918
DA:117,103918
DA:118,103918
DA:121,3
BRDA:121,0,0,3
BRDA:121,0,1,2
DA:124,144
BRDA:124,0,0,144
BRDA:124,0,1,144
BRDA:124,0,2,72
BRDA:124,0,3,72
BRDA:124,0,4,36
BRDA:124,0,5,36
BRDA:124,0,6,18
BRDA:124,0,7,18
BRDA:124,0,8,8
BRDA:124,0,9,8
BRDA:124,0,10,4
BRDA:124,0,11,4
BRDA:124,0,12,2
BRDA:124,0,13,2
BRDA:124,0,14,2
BRDA:124,0,15,2
BRDA:124,0,16,0
BRDA:124,0,17,0
DA:125,2
BRDA:125,0,0,2
BRDA:125,0,1,2
DA:128,2
BRDA:128,0,0,2
BRDA:128,0,1,2
BRDA:128,0,2,0
BRDA:128,0,3,0
DA:129,0
BRDA:129,0,0,0
BRDA:129,0,1,0
BRDA:129,0,2,0
BRDA:129,0,3,0
BRDA:129,0,4,0
BRDA:129,0,5,0
BRDA:129,0,6,0
BRDA:129,0,7,0
BRDA:129,0,8,0
BRDA:129,0,9,0
BRDA:129,0,10,0
BRDA:129,0,11,0
BRDA:129,0,12,0
BRDA:129,0,13,0
BRDA:129,0,14,0
BRDA:129,0,15,0
DA:130,0
BRDA:130,0,0,0
BRDA:130,0,1,0
BRDA:130,0,2,0
BRDA:130,0,3,0
BRDA:130,0,4,0
BRDA:130,0,5,0
DA:131,0
BRDA:131,0,0,0
BRDA:131,0,1,0
BRDA:131,0,2,0
BRDA:131,0,3,0
BRDA:131,0,4,0
BRDA:131,0,5,0
BRDA:131,0,6,0
BRDA:131,0,7,0
BRDA:131,0,8,0
BRDA:131,0,9,0
BRDA:131,0,10,0
BRDA:131,0,11,0
BRDA:131,0,12,0
BRDA:131,0,13,0
BRDA:131,0,14,0
BRDA:131,0,15,0
DA:132,0
BRDA:132,0,0,0
BRDA:132,0,1,0
DA:135,0
BRDA:135,0,0,0
BRDA:135,0,1,0
DA:138,103956
DA:139,103918
BRDA:139,0,0,103918
BRDA:139,0,1,38
BRDA:139,0,2,103918
BRDA:139,0,3,38
DA:140,38
DA:141,38
DA:142,38
DA:143,38
DA:144,38
DA:145,38
DA:146,38
DA:147,103918
DA:150,103918
BRDA:150,0,0,0
BRDA:150,0,1,103918
DA:152,103918
DA:153,103630
DA:154,103630
DA:155,103628
BRDA:155,0,0,2
BRDA:155,0,1,103628
DA:156,2
DA:157,2
DA:160,288
DA:161,286
BRDA:161,0,0,2
BRDA:161,0,1,286
DA:162,2
DA:163,2
BRDA:163,0,0,0
BRDA:163,0,1,2
DA:164,0
DA:165,0
DA:166,2
DA:167,2
DA:168,2
DA:170,286
DA:172,0
DA:173,0
BRDA:173,0,0,0
BRDA:173,0,1,0
DA:174,0
DA:175,0
DA:176,0
BRDA:176,0,0,0
BRDA:176,0,1,0
DA:177,0
DA:178,0
DA:180,0
DA:181,0
BRDA:181,0,0,0
BRDA:181,0,1,0
DA:182,0
DA:183,0
DA:184,0
DA:185,0
DA:186,0
DA:187,0
DA:198,103957
DA:199,100999
BRDA:199,0,0,100999
BRDA:199,0,1,2958
DA:200,2958
DA:202,100999
BRF:372
BRH:76
end_of_record
SF:coverage_rtl/sram512x8_cov.v
DA:7,220897
BRDA:7,0,0,220897
BRDA:7,0,1,220895
DA:8,9679
BRDA:8,0,0,9679
BRDA:8,0,1,9678
DA:9,187
BRDA:9,0,0,187
BRDA:9,0,1,185
DA:10,187
BRDA:10,0,0,187
BRDA:10,0,1,185
BRDA:10,0,2,187
BRDA:10,0,3,185
BRDA:10,0,4,187
BRDA:10,0,5,185
BRDA:10,0,6,187
BRDA:10,0,7,185
BRDA:10,0,8,187
BRDA:10,0,9,185
BRDA:10,0,10,187
BRDA:10,0,11,185
BRDA:10,0,12,187
BRDA:10,0,13,185
BRDA:10,0,14,187
BRDA:10,0,15,185
DA:11,28819
BRDA:11,0,0,28819
BRDA:11,0,1,28818
BRDA:11,0,2,19150
BRDA:11,0,3,19149
BRDA:11,0,4,3523
BRDA:11,0,5,3523
BRDA:11,0,6,9083
BRDA:11,0,7,9082
BRDA:11,0,8,46
BRDA:11,0,9,46
BRDA:11,0,10,414
BRDA:11,0,11,414
BRDA:11,0,12,5779
BRDA:11,0,13,5778
BRDA:11,0,14,3
BRDA:11,0,15,3
BRDA:11,0,16,1
BRDA:11,0,17,1
DA:12,251
BRDA:12,0,0,251
BRDA:12,0,1,251
BRDA:12,0,2,193
BRDA:12,0,3,193
BRDA:12,0,4,143
BRDA:12,0,5,143
BRDA:12,0,6,47
BRDA:12,0,7,47
BRDA:12,0,8,163
BRDA:12,0,9,163
BRDA:12,0,10,157
BRDA:12,0,11,157
BRDA:12,0,12,81
BRDA:12,0,13,81
BRDA:12,0,14,84
BRDA:12,0,15,84
DA:13,18967
BRDA:13,0,0,18967
BRDA:13,0,1,18967
BRDA:13,0,2,18904
BRDA:13,0,3,18904
BRDA:13,0,4,18539
BRDA:13,0,5,18538
BRDA:13,0,6,18365
BRDA:13,0,7,18365
BRDA:13,0,8,978
BRDA:13,0,9,977
BRDA:13,0,10,18607
BRDA:13,0,11,18607
BRDA:13,0,12,18228
BRDA:13,0,13,18227
BRDA:13,0,14,573
BRDA:13,0,15,572
DA:16,18967
BRDA:16,0,0,18967
BRDA:16,0,1,18967
BRDA:16,0,2,18904
BRDA:16,0,3,18904
BRDA:16,0,4,18539
BRDA:16,0,5,18538
BRDA:16,0,6,18365
BRDA:16,0,7,18365
BRDA:16,0,8,978
BRDA:16,0,9,977
BRDA:16,0,10,18607
BRDA:16,0,11,18607
BRDA:16,0,12,18228
BRDA:16,0,13,18227
BRDA:16,0,14,573
BRDA:16,0,15,572
DA:17,220897
DA:18,163274
BRDA:18,0,0,163274
BRDA:18,0,1,57623
BRDA:18,0,2,163274
BRDA:18,0,3,57623
DA:19,56907
BRDA:19,0,0,716
BRDA:19,0,1,56907
BRDA:19,0,2,716
BRDA:19,0,3,56907
DA:20,57623
BRF:96
BRH:92
end_of_record
SF:models/gf180mcu_fd_sc_mcu7t5v0__icgtp_1.v
DA:10,175981
BRDA:10,0,0,175981
BRDA:10,0,1,175980
DA:11,39
BRDA:11,0,0,39
BRDA:11,0,1,38
DA:12,0
BRDA:12,0,0,0
BRDA:12,0,1,0
DA:13,116979
BRDA:13,0,0,116979
BRDA:13,0,1,116978
DA:15,39
BRDA:15,0,0,39
BRDA:15,0,1,38
DA:16,470030
BRDA:16,0,0,176556
BRDA:16,0,1,293474
BRDA:16,0,2,176556
BRDA:16,0,3,293474
BRDA:16,0,4,59539
BRDA:16,0,5,117017
BRDA:16,0,6,0
BRDA:16,0,7,470030
BRF:18
BRH:15
end_of_record
